This file contains any messages produced by compilers while
running configure, to aid debugging if configure makes a mistake.

It was created by sqt configure 0.1, which was
generated by GNU Autoconf 2.69.  Invocation command line was

  $ ./configure --prefix=/home/michael/Codes

## --------- ##
## Platform. ##
## --------- ##

hostname = michael.paraffinalia.co.uk
uname -m = x86_64
uname -r = 5.15.80
uname -s = Linux
uname -v = #1 SMP PREEMPT Sun Nov 27 13:28:05 CST 2022

/usr/bin/uname -p = Intel(R) Core(TM) i5-6200U CPU @ 2.30GHz
/bin/uname -X     = unknown

/bin/arch              = x86_64
/usr/bin/arch -k       = unknown
/usr/convex/getsysinfo = unknown
/usr/bin/hostinfo      = unknown
/bin/machine           = unknown
/usr/bin/oslevel       = unknown
/bin/universe          = unknown

PATH: /opt/miniconda3/bin
PATH: /usr/local/texlive/2023/bin/x86_64-linux
PATH: /home/michael/bin
PATH: /opt/firefox
PATH: /home/michael/.scripts
PATH: /home/michael/Codes/bin
PATH: /opt/bin
PATH: /usr/local/bin
PATH: /usr/bin
PATH: /bin
PATH: /usr/games
PATH: /usr/lib64/qt5/bin
PATH: /usr/lib64/zulu-openjdk11/bin


## ----------- ##
## Core tests. ##
## ----------- ##

configure:2317: checking for a BSD-compatible install
configure:2385: result: /usr/bin/ginstall -c
configure:2396: checking whether build environment is sane
configure:2451: result: yes
configure:2602: checking for a thread-safe mkdir -p
configure:2641: result: /usr/bin/mkdir -p
configure:2648: checking for gawk
configure:2664: found /usr/bin/gawk
configure:2675: result: gawk
configure:2686: checking whether make sets $(MAKE)
configure:2708: result: yes
configure:2737: checking whether make supports nested variables
configure:2754: result: yes
configure:2942: checking build system type
configure:2956: result: x86_64-unknown-linux-gnu
configure:2976: checking host system type
configure:2989: result: x86_64-unknown-linux-gnu
configure:3030: checking how to print strings
configure:3057: result: printf
configure:3082: checking whether make supports the include directive
configure:3097: make -f confmf.GNU && cat confinc.out
this is the am__doit target
configure:3100: $? = 0
configure:3119: result: yes (GNU style)
configure:3189: checking for gcc
configure:3205: found /usr/bin/gcc
configure:3216: result: gcc
configure:3445: checking for C compiler version
configure:3454: gcc --version >&5
gcc (GCC) 11.2.0
Copyright (C) 2021 Free Software Foundation, Inc.
This is free software; see the source for copying conditions.  There is NO
warranty; not even for MERCHANTABILITY or FITNESS FOR A PARTICULAR PURPOSE.

configure:3465: $? = 0
configure:3454: gcc -v >&5
Reading specs from /usr/lib64/gcc/x86_64-slackware-linux/11.2.0/specs
COLLECT_GCC=gcc
COLLECT_LTO_WRAPPER=/usr/libexec/gcc/x86_64-slackware-linux/11.2.0/lto-wrapper
Target: x86_64-slackware-linux
Configured with: ../configure --prefix=/usr --libdir=/usr/lib64 --mandir=/usr/man --infodir=/usr/info --enable-shared --enable-bootstrap --enable-languages=ada,brig,c,c++,d,fortran,go,lto,objc,obj-c++ --enable-threads=posix --enable-checking=release --enable-objc-gc --with-system-zlib --enable-libstdcxx-dual-abi --with-default-libstdcxx-abi=new --disable-libstdcxx-pch --disable-libunwind-exceptions --enable-__cxa_atexit --disable-libssp --enable-gnu-unique-object --enable-plugin --enable-lto --disable-install-libiberty --disable-werror --with-gnu-ld --with-isl --verbose --with-arch-directory=amd64 --disable-gtktest --enable-clocale=gnu --disable-multilib --target=x86_64-slackware-linux --build=x86_64-slackware-linux --host=x86_64-slackware-linux
Thread model: posix
Supported LTO compression algorithms: zlib zstd
gcc version 11.2.0 (GCC) 
configure:3465: $? = 0
configure:3454: gcc -V >&5
gcc: error: unrecognized command-line option '-V'
gcc: fatal error: no input files
compilation terminated.
configure:3465: $? = 1
configure:3454: gcc -qversion >&5
gcc: error: unrecognized command-line option '-qversion'; did you mean '--version'?
gcc: fatal error: no input files
compilation terminated.
configure:3465: $? = 1
configure:3485: checking whether the C compiler works
configure:3507: gcc    conftest.c  >&5
configure:3511: $? = 0
configure:3559: result: yes
configure:3562: checking for C compiler default output file name
configure:3564: result: a.out
configure:3570: checking for suffix of executables
configure:3577: gcc -o conftest    conftest.c  >&5
configure:3581: $? = 0
configure:3603: result: 
configure:3625: checking whether we are cross compiling
configure:3633: gcc -o conftest    conftest.c  >&5
configure:3637: $? = 0
configure:3644: ./conftest
configure:3648: $? = 0
configure:3663: result: no
configure:3668: checking for suffix of object files
configure:3690: gcc -c   conftest.c >&5
configure:3694: $? = 0
configure:3715: result: o
configure:3719: checking whether we are using the GNU C compiler
configure:3738: gcc -c   conftest.c >&5
configure:3738: $? = 0
configure:3747: result: yes
configure:3756: checking whether gcc accepts -g
configure:3776: gcc -c -g  conftest.c >&5
configure:3776: $? = 0
configure:3817: result: yes
configure:3834: checking for gcc option to accept ISO C89
configure:3897: gcc  -c -g -O2  conftest.c >&5
configure:3897: $? = 0
configure:3910: result: none needed
configure:3935: checking whether gcc understands -c and -o together
configure:3957: gcc -c conftest.c -o conftest2.o
configure:3960: $? = 0
configure:3957: gcc -c conftest.c -o conftest2.o
configure:3960: $? = 0
configure:3972: result: yes
configure:3991: checking dependency style of gcc
configure:4102: result: gcc3
configure:4117: checking for a sed that does not truncate output
configure:4181: result: /usr/bin/sed
configure:4199: checking for grep that handles long lines and -e
configure:4257: result: /usr/bin/grep
configure:4262: checking for egrep
configure:4324: result: /usr/bin/grep -E
configure:4329: checking for fgrep
configure:4391: result: /usr/bin/grep -F
configure:4426: checking for ld used by gcc
configure:4493: result: /usr/bin/ld
configure:4500: checking if the linker (/usr/bin/ld) is GNU ld
configure:4515: result: yes
configure:4527: checking for BSD- or MS-compatible name lister (nm)
configure:4581: result: /usr/bin/nm -B
configure:4711: checking the name lister (/usr/bin/nm -B) interface
configure:4718: gcc -c -g -O2  conftest.c >&5
configure:4721: /usr/bin/nm -B "conftest.o"
configure:4724: output
0000000000000000 B some_variable
configure:4731: result: BSD nm
configure:4734: checking whether ln -s works
configure:4738: result: yes
configure:4746: checking the maximum length of command line arguments
configure:4877: result: 1572864
configure:4925: checking how to convert x86_64-unknown-linux-gnu file names to x86_64-unknown-linux-gnu format
configure:4965: result: func_convert_file_noop
configure:4972: checking how to convert x86_64-unknown-linux-gnu file names to toolchain format
configure:4992: result: func_convert_file_noop
configure:4999: checking for /usr/bin/ld option to reload object files
configure:5006: result: -r
configure:5080: checking for objdump
configure:5096: found /usr/bin/objdump
configure:5107: result: objdump
configure:5139: checking how to recognize dependent libraries
configure:5339: result: pass_all
configure:5424: checking for dlltool
configure:5440: found /usr/bin/dlltool
configure:5451: result: dlltool
configure:5484: checking how to associate runtime and link libraries
configure:5511: result: printf %s\n
configure:5572: checking for ar
configure:5588: found /usr/bin/ar
configure:5599: result: ar
configure:5636: checking for archiver @FILE support
configure:5653: gcc -c -g -O2  conftest.c >&5
configure:5653: $? = 0
configure:5656: ar cru libconftest.a @conftest.lst >&5
configure:5659: $? = 0
configure:5664: ar cru libconftest.a @conftest.lst >&5
ar: conftest.o: No such file or directory
configure:5667: $? = 1
configure:5679: result: @
configure:5737: checking for strip
configure:5753: found /usr/bin/strip
configure:5764: result: strip
configure:5836: checking for ranlib
configure:5852: found /usr/bin/ranlib
configure:5863: result: ranlib
configure:5965: checking command to parse /usr/bin/nm -B output from gcc object
configure:6118: gcc -c -g -O2  conftest.c >&5
configure:6121: $? = 0
configure:6125: /usr/bin/nm -B conftest.o \| sed -n -e 's/^.*[ ]\([ABCDGIRSTW][ABCDGIRSTW]*\)[ ][ ]*\([_A-Za-z][_A-Za-z0-9]*\)$/\1 \2 \2/p' | sed '/ __gnu_lto/d' \> conftest.nm
configure:6128: $? = 0
configure:6194: gcc -o conftest -g -O2   conftest.c conftstm.o >&5
configure:6197: $? = 0
configure:6235: result: ok
configure:6282: checking for sysroot
configure:6312: result: no
configure:6319: checking for a working dd
configure:6357: result: /usr/bin/dd
configure:6361: checking how to truncate binary pipes
configure:6376: result: /usr/bin/dd bs=4096 count=1
configure:6512: gcc -c -g -O2  conftest.c >&5
configure:6515: $? = 0
configure:6705: checking for mt
configure:6721: found /bin/mt
configure:6732: result: mt
configure:6755: checking if mt is a manifest tool
configure:6761: mt '-?'
usage: mt [-v] [--version] [-h] [ -f device ] command [ count ]
default tape device: /dev/tape
configure:6769: result: no
configure:7446: checking how to run the C preprocessor
configure:7477: gcc -E  conftest.c
configure:7477: $? = 0
configure:7491: gcc -E  conftest.c
conftest.c:16:10: fatal error: ac_nonexistent.h: No such file or directory
   16 | #include <ac_nonexistent.h>
      |          ^~~~~~~~~~~~~~~~~~
compilation terminated.
configure:7491: $? = 1
configure: failed program was:
| /* confdefs.h */
| #define PACKAGE_NAME "sqt"
| #define PACKAGE_TARNAME "sqt"
| #define PACKAGE_VERSION "0.1"
| #define PACKAGE_STRING "sqt 0.1"
| #define PACKAGE_BUGREPORT ""
| #define PACKAGE_URL ""
| #define PACKAGE "sqt"
| #define VERSION "0.1"
| #define SQT_MAJOR_VERSION 0
| #define SQT_MINOR_VERSION 1
| #define SQT_MICRO_VERSION 0
| #define SQT_INTERFACE_AGE 0
| #define SQT_BINARY_AGE 0
| /* end confdefs.h.  */
| #include <ac_nonexistent.h>
configure:7516: result: gcc -E
configure:7536: gcc -E  conftest.c
configure:7536: $? = 0
configure:7550: gcc -E  conftest.c
conftest.c:16:10: fatal error: ac_nonexistent.h: No such file or directory
   16 | #include <ac_nonexistent.h>
      |          ^~~~~~~~~~~~~~~~~~
compilation terminated.
configure:7550: $? = 1
configure: failed program was:
| /* confdefs.h */
| #define PACKAGE_NAME "sqt"
| #define PACKAGE_TARNAME "sqt"
| #define PACKAGE_VERSION "0.1"
| #define PACKAGE_STRING "sqt 0.1"
| #define PACKAGE_BUGREPORT ""
| #define PACKAGE_URL ""
| #define PACKAGE "sqt"
| #define VERSION "0.1"
| #define SQT_MAJOR_VERSION 0
| #define SQT_MINOR_VERSION 1
| #define SQT_MICRO_VERSION 0
| #define SQT_INTERFACE_AGE 0
| #define SQT_BINARY_AGE 0
| /* end confdefs.h.  */
| #include <ac_nonexistent.h>
configure:7579: checking for ANSI C header files
configure:7599: gcc -c -g -O2  conftest.c >&5
configure:7599: $? = 0
configure:7672: gcc -o conftest -g -O2   conftest.c  >&5
configure:7672: $? = 0
configure:7672: ./conftest
configure:7672: $? = 0
configure:7683: result: yes
configure:7696: checking for sys/types.h
configure:7696: gcc -c -g -O2  conftest.c >&5
configure:7696: $? = 0
configure:7696: result: yes
configure:7696: checking for sys/stat.h
configure:7696: gcc -c -g -O2  conftest.c >&5
configure:7696: $? = 0
configure:7696: result: yes
configure:7696: checking for stdlib.h
configure:7696: gcc -c -g -O2  conftest.c >&5
configure:7696: $? = 0
configure:7696: result: yes
configure:7696: checking for string.h
configure:7696: gcc -c -g -O2  conftest.c >&5
configure:7696: $? = 0
configure:7696: result: yes
configure:7696: checking for memory.h
configure:7696: gcc -c -g -O2  conftest.c >&5
configure:7696: $? = 0
configure:7696: result: yes
configure:7696: checking for strings.h
configure:7696: gcc -c -g -O2  conftest.c >&5
configure:7696: $? = 0
configure:7696: result: yes
configure:7696: checking for inttypes.h
configure:7696: gcc -c -g -O2  conftest.c >&5
configure:7696: $? = 0
configure:7696: result: yes
configure:7696: checking for stdint.h
configure:7696: gcc -c -g -O2  conftest.c >&5
configure:7696: $? = 0
configure:7696: result: yes
configure:7696: checking for unistd.h
configure:7696: gcc -c -g -O2  conftest.c >&5
configure:7696: $? = 0
configure:7696: result: yes
configure:7710: checking for dlfcn.h
configure:7710: gcc -c -g -O2  conftest.c >&5
configure:7710: $? = 0
configure:7710: result: yes
configure:7966: checking for objdir
configure:7981: result: .libs
configure:8245: checking if gcc supports -fno-rtti -fno-exceptions
configure:8263: gcc -c -g -O2  -fno-rtti -fno-exceptions conftest.c >&5
cc1: warning: command-line option '-fno-rtti' is valid for C++/D/ObjC++ but not for C
configure:8267: $? = 0
configure:8280: result: no
configure:8638: checking for gcc option to produce PIC
configure:8645: result: -fPIC -DPIC
configure:8653: checking if gcc PIC flag -fPIC -DPIC works
configure:8671: gcc -c -g -O2  -fPIC -DPIC -DPIC conftest.c >&5
configure:8675: $? = 0
configure:8688: result: yes
configure:8717: checking if gcc static flag -static works
configure:8745: result: yes
configure:8760: checking if gcc supports -c -o file.o
configure:8781: gcc -c -g -O2  -o out/conftest2.o conftest.c >&5
configure:8785: $? = 0
configure:8807: result: yes
configure:8815: checking if gcc supports -c -o file.o
configure:8862: result: yes
configure:8895: checking whether the gcc linker (/usr/bin/ld -m elf_x86_64) supports shared libraries
configure:10154: result: yes
configure:10191: checking whether -lc should be explicitly linked in
configure:10199: gcc -c -g -O2  conftest.c >&5
configure:10202: $? = 0
configure:10217: gcc -shared  -fPIC -DPIC conftest.o  -v -Wl,-soname -Wl,conftest -o conftest 2\>\&1 \| /usr/bin/grep  -lc  \>/dev/null 2\>\&1
configure:10220: $? = 0
configure:10234: result: no
configure:10394: checking dynamic linker characteristics
configure:10975: gcc -o conftest -g -O2   -Wl,-rpath -Wl,/foo conftest.c  >&5
configure:10975: $? = 0
configure:11212: result: GNU/Linux ld.so
configure:11334: checking how to hardcode library paths into programs
configure:11359: result: immediate
configure:11907: checking whether stripping libraries is possible
configure:11912: result: yes
configure:11947: checking if libtool supports shared libraries
configure:11949: result: yes
configure:11952: checking whether to build shared libraries
configure:11977: result: yes
configure:11980: checking whether to build static libraries
configure:11984: result: yes
configure:12072: checking for gcc
configure:12099: result: gcc
configure:12328: checking for C compiler version
configure:12337: gcc --version >&5
gcc (GCC) 11.2.0
Copyright (C) 2021 Free Software Foundation, Inc.
This is free software; see the source for copying conditions.  There is NO
warranty; not even for MERCHANTABILITY or FITNESS FOR A PARTICULAR PURPOSE.

configure:12348: $? = 0
configure:12337: gcc -v >&5
Reading specs from /usr/lib64/gcc/x86_64-slackware-linux/11.2.0/specs
COLLECT_GCC=gcc
COLLECT_LTO_WRAPPER=/usr/libexec/gcc/x86_64-slackware-linux/11.2.0/lto-wrapper
Target: x86_64-slackware-linux
Configured with: ../configure --prefix=/usr --libdir=/usr/lib64 --mandir=/usr/man --infodir=/usr/info --enable-shared --enable-bootstrap --enable-languages=ada,brig,c,c++,d,fortran,go,lto,objc,obj-c++ --enable-threads=posix --enable-checking=release --enable-objc-gc --with-system-zlib --enable-libstdcxx-dual-abi --with-default-libstdcxx-abi=new --disable-libstdcxx-pch --disable-libunwind-exceptions --enable-__cxa_atexit --disable-libssp --enable-gnu-unique-object --enable-plugin --enable-lto --disable-install-libiberty --disable-werror --with-gnu-ld --with-isl --verbose --with-arch-directory=amd64 --disable-gtktest --enable-clocale=gnu --disable-multilib --target=x86_64-slackware-linux --build=x86_64-slackware-linux --host=x86_64-slackware-linux
Thread model: posix
Supported LTO compression algorithms: zlib zstd
gcc version 11.2.0 (GCC) 
configure:12348: $? = 0
configure:12337: gcc -V >&5
gcc: error: unrecognized command-line option '-V'
gcc: fatal error: no input files
compilation terminated.
configure:12348: $? = 1
configure:12337: gcc -qversion >&5
gcc: error: unrecognized command-line option '-qversion'; did you mean '--version'?
gcc: fatal error: no input files
compilation terminated.
configure:12348: $? = 1
configure:12352: checking whether we are using the GNU C compiler
configure:12380: result: yes
configure:12389: checking whether gcc accepts -g
configure:12450: result: yes
configure:12467: checking for gcc option to accept ISO C89
configure:12543: result: none needed
configure:12568: checking whether gcc understands -c and -o together
configure:12605: result: yes
configure:12624: checking dependency style of gcc
configure:12735: result: gcc3
configure:12760: checking for gawk
configure:12787: result: gawk
configure:12798: checking for library containing strerror
configure:12829: gcc -o conftest -g -O2 -Wall -Werror-implicit-function-declaration -Wstrict-prototypes -Wmissing-prototypes -Wmissing-declarations   conftest.c  >&5
conftest.c:35:1: warning: function declaration isn't a prototype [-Wstrict-prototypes]
   35 | char strerror ();
      | ^~~~
conftest.c:37:1: warning: function declaration isn't a prototype [-Wstrict-prototypes]
   37 | main ()
      | ^~~~
configure:12829: $? = 0
configure:12846: result: none required
configure:12854: checking for ANSI C header files
configure:12958: result: yes
configure:13021: checking for pkg-config
configure:13039: found /usr/bin/pkg-config
configure:13051: result: /usr/bin/pkg-config
configure:13076: checking pkg-config is at least version 0.9.0
configure:13079: result: yes
configure:13089: checking for glib-2.0
configure:13096: $PKG_CONFIG --exists --print-errors "glib-2.0"
configure:13099: $? = 0
configure:13113: $PKG_CONFIG --exists --print-errors "glib-2.0"
configure:13116: $? = 0
configure:13174: result: yes
configure:13181: checking for blaswrap-config
configure:13197: found /home/michael/Codes/bin/blaswrap-config
configure:13209: result: yes
configure:13241: checking for gcc __builtin_cpu_init function
configure:13264: gcc -o conftest -g -O2 -Wall -Werror-implicit-function-declaration -Wstrict-prototypes -Wmissing-prototypes -Wmissing-declarations   conftest.c  >&5
conftest.c:32:1: warning: function declaration isn't a prototype [-Wstrict-prototypes]
   32 | main ()
      | ^~~~
configure:13264: $? = 0
configure:13264: ./conftest
configure:13264: $? = 0
configure:13274: result: yes
configure:13289: checking for x86 avx instruction support
configure:13315: gcc -o conftest -g -O2 -Wall -Werror-implicit-function-declaration -Wstrict-prototypes -Wmissing-prototypes -Wmissing-declarations   conftest.c  >&5
conftest.c:32:1: warning: function declaration isn't a prototype [-Wstrict-prototypes]
   32 | main ()
      | ^~~~
configure:13315: $? = 0
configure:13315: ./conftest
configure:13315: $? = 0
configure:13327: result: yes
configure:13352: checking for x86 avx2 instruction support
configure:13378: gcc -o conftest -g -O2 -Wall -Werror-implicit-function-declaration -Wstrict-prototypes -Wmissing-prototypes -Wmissing-declarations   conftest.c  >&5
conftest.c:33:1: warning: function declaration isn't a prototype [-Wstrict-prototypes]
   33 | main ()
      | ^~~~
configure:13378: $? = 0
configure:13378: ./conftest
configure:13378: $? = 0
configure:13390: result: yes
configure:13415: checking for x86 fma instruction support
configure:13441: gcc -o conftest -g -O2 -Wall -Werror-implicit-function-declaration -Wstrict-prototypes -Wmissing-prototypes -Wmissing-declarations   conftest.c  >&5
conftest.c:34:1: warning: function declaration isn't a prototype [-Wstrict-prototypes]
   34 | main ()
      | ^~~~
configure:13441: $? = 0
configure:13441: ./conftest
configure:13441: $? = 0
configure:13453: result: yes
configure:13477: checking for cos in -lm
configure:13502: gcc -o conftest -g -O2 -Wall -Werror-implicit-function-declaration -Wstrict-prototypes -Wmissing-prototypes -Wmissing-declarations   conftest.c -lm   >&5
conftest.c:40:1: warning: function declaration isn't a prototype [-Wstrict-prototypes]
   40 | char cos ();
      | ^~~~
conftest.c:40:6: warning: conflicting types for built-in function 'cos'; expected 'double(double)' [-Wbuiltin-declaration-mismatch]
   40 | char cos ();
      |      ^~~
conftest.c:1:1: note: 'cos' is declared in header '<math.h>'
    1 | /* confdefs.h */
conftest.c:42:1: warning: function declaration isn't a prototype [-Wstrict-prototypes]
   42 | main ()
      | ^~~~
configure:13502: $? = 0
configure:13511: result: yes
configure:13531: checking for gcc option to support OpenMP
configure:13546: gcc -o conftest -g -O2 -Wall -Werror-implicit-function-declaration -Wstrict-prototypes -Wmissing-prototypes -Wmissing-declarations   conftest.c -lm  >&5
conftest.c:36:2: error: unknown type name 'choke'
   36 |  choke me
      |  ^~~~~
conftest.c:36:10: error: expected ';' before 'typedef'
   36 |  choke me
      |          ^
      |          ;
conftest.c:39:5: warning: function declaration isn't a prototype [-Wstrict-prototypes]
   39 | int main () { return omp_get_num_threads (); }
      |     ^~~~
configure:13546: $? = 1
configure: failed program was:
| /* confdefs.h */
| #define PACKAGE_NAME "sqt"
| #define PACKAGE_TARNAME "sqt"
| #define PACKAGE_VERSION "0.1"
| #define PACKAGE_STRING "sqt 0.1"
| #define PACKAGE_BUGREPORT ""
| #define PACKAGE_URL ""
| #define PACKAGE "sqt"
| #define VERSION "0.1"
| #define SQT_MAJOR_VERSION 0
| #define SQT_MINOR_VERSION 1
| #define SQT_MICRO_VERSION 0
| #define SQT_INTERFACE_AGE 0
| #define SQT_BINARY_AGE 0
| #define STDC_HEADERS 1
| #define HAVE_SYS_TYPES_H 1
| #define HAVE_SYS_STAT_H 1
| #define HAVE_STDLIB_H 1
| #define HAVE_STRING_H 1
| #define HAVE_MEMORY_H 1
| #define HAVE_STRINGS_H 1
| #define HAVE_INTTYPES_H 1
| #define HAVE_STDINT_H 1
| #define HAVE_UNISTD_H 1
| #define HAVE_DLFCN_H 1
| #define LT_OBJDIR ".libs/"
| #define STDC_HEADERS 1
| #define HAVE_BLASWRAP 1
| #define HAVE_AVX_INSTRUCTIONS 1
| #define HAVE_AVX2_INSTRUCTIONS 1
| #define HAVE_FMA_INSTRUCTIONS 1
| #define HAVE_LIBM 1
| /* end confdefs.h.  */
| 
| #ifndef _OPENMP
|  choke me
| #endif
| #include <omp.h>
| int main () { return omp_get_num_threads (); }
| 
configure:13564: gcc -o conftest -g -O2 -Wall -Werror-implicit-function-declaration -Wstrict-prototypes -Wmissing-prototypes -Wmissing-declarations -fopenmp   conftest.c -lm  >&5
conftest.c:39:5: warning: function declaration isn't a prototype [-Wstrict-prototypes]
   39 | int main () { return omp_get_num_threads (); }
      |     ^~~~
configure:13564: $? = 0
configure:13578: result: -fopenmp
configure:13642: checking for g77
configure:13658: found /usr/bin/g77
configure:13669: result: g77
configure:13695: checking for Fortran 77 compiler version
configure:13704: g77 --version >&5
GNU Fortran (GCC) 11.2.0
Copyright (C) 2021 Free Software Foundation, Inc.
This is free software; see the source for copying conditions.  There is NO
warranty; not even for MERCHANTABILITY or FITNESS FOR A PARTICULAR PURPOSE.

configure:13715: $? = 0
configure:13704: g77 -v >&5
Reading specs from /usr/lib64/gcc/x86_64-slackware-linux/11.2.0/specs
COLLECT_GCC=g77
COLLECT_LTO_WRAPPER=/usr/libexec/gcc/x86_64-slackware-linux/11.2.0/lto-wrapper
Target: x86_64-slackware-linux
Configured with: ../configure --prefix=/usr --libdir=/usr/lib64 --mandir=/usr/man --infodir=/usr/info --enable-shared --enable-bootstrap --enable-languages=ada,brig,c,c++,d,fortran,go,lto,objc,obj-c++ --enable-threads=posix --enable-checking=release --enable-objc-gc --with-system-zlib --enable-libstdcxx-dual-abi --with-default-libstdcxx-abi=new --disable-libstdcxx-pch --disable-libunwind-exceptions --enable-__cxa_atexit --disable-libssp --enable-gnu-unique-object --enable-plugin --enable-lto --disable-install-libiberty --disable-werror --with-gnu-ld --with-isl --verbose --with-arch-directory=amd64 --disable-gtktest --enable-clocale=gnu --disable-multilib --target=x86_64-slackware-linux --build=x86_64-slackware-linux --host=x86_64-slackware-linux
Thread model: posix
Supported LTO compression algorithms: zlib zstd
gcc version 11.2.0 (GCC) 
configure:13715: $? = 0
configure:13704: g77 -V >&5
g77: error: unrecognized command-line option '-V'
g77: fatal error: no input files
compilation terminated.
configure:13715: $? = 1
configure:13704: g77 -qversion >&5
g77: error: unrecognized command-line option '-qversion'; did you mean '--version'?
g77: fatal error: no input files
compilation terminated.
configure:13715: $? = 1
configure:13724: checking whether we are using the GNU Fortran 77 compiler
configure:13737: g77 -c  conftest.F >&5
configure:13737: $? = 0
configure:13746: result: yes
configure:13752: checking whether g77 accepts -g
configure:13763: g77 -c -g conftest.f >&5
configure:13763: $? = 0
configure:13771: result: yes
configure:13900: checking if libtool supports shared libraries
configure:13902: result: yes
configure:13905: checking whether to build shared libraries
configure:13929: result: yes
configure:13932: checking whether to build static libraries
configure:13936: result: yes
configure:14288: checking for g77 option to produce PIC
configure:14295: result: -fPIC
configure:14303: checking if g77 PIC flag -fPIC works
configure:14321: g77 -c -g -O2 -fPIC conftest.f >&5
configure:14325: $? = 0
configure:14338: result: yes
configure:14361: checking if g77 static flag -static works
configure:14389: result: yes
configure:14401: checking if g77 supports -c -o file.o
configure:14422: g77 -c -g -O2 -o out/conftest2.o conftest.f >&5
configure:14426: $? = 0
configure:14448: result: yes
configure:14453: checking if g77 supports -c -o file.o
configure:14500: result: yes
configure:14530: checking whether the g77 linker (/usr/bin/ld -m elf_x86_64) supports shared libraries
configure:15739: result: yes
configure:15880: checking dynamic linker characteristics
configure:16619: result: GNU/Linux ld.so
configure:16684: checking how to hardcode library paths into programs
configure:16709: result: immediate
configure:16746: checking how to get verbose linking output from g77
configure:16756: g77 -c -g -O2 conftest.f >&5
configure:16756: $? = 0
configure:16774: g77 -o conftest -g -O2 -v conftest.f -lm
Reading specs from /usr/lib64/gcc/x86_64-slackware-linux/11.2.0/specs
Target: x86_64-slackware-linux
Thread model: posix
Supported LTO compression algorithms: zlib zstd
gcc version 11.2.0 (GCC) 
 /usr/libexec/gcc/x86_64-slackware-linux/11.2.0/f951 conftest.f -ffixed-form -quiet -dumpbase conftest.f -dumpbase-ext .f -mtune=generic -march=x86-64 -g -O2 -version -fintrinsic-modules-path /usr/lib64/gcc/x86_64-slackware-linux/11.2.0/finclude -fpre-include=/usr/include/finclude/math-vector-fortran.h -o /tmp/ccjg8OoI.s
GNU Fortran (GCC) version 11.2.0 (x86_64-slackware-linux)
	compiled by GNU C version 11.2.0, GMP version 6.2.1, MPFR version 4.1.0, MPC version 1.2.1, isl version isl-0.24-GMP

GGC heuristics: --param ggc-min-expand=100 --param ggc-min-heapsize=131072
GNU Fortran2008 (GCC) version 11.2.0 (x86_64-slackware-linux)
	compiled by GNU C version 11.2.0, GMP version 6.2.1, MPFR version 4.1.0, MPC version 1.2.1, isl version isl-0.24-GMP

GGC heuristics: --param ggc-min-expand=100 --param ggc-min-heapsize=131072
 as -v --gdwarf-5 --64 -o /tmp/ccHTCKrK.o /tmp/ccjg8OoI.s
GNU assembler version 2.37 (x86_64-slackware-linux) using BFD version version 2.37-slack15
Reading specs from /usr/lib64/gcc/x86_64-slackware-linux/11.2.0/../../../../lib64/libgfortran.spec
rename spec lib to liborig
 /usr/libexec/gcc/x86_64-slackware-linux/11.2.0/collect2 -plugin /usr/libexec/gcc/x86_64-slackware-linux/11.2.0/liblto_plugin.so -plugin-opt=/usr/libexec/gcc/x86_64-slackware-linux/11.2.0/lto-wrapper -plugin-opt=-fresolution=/tmp/ccmvFPWA.res -plugin-opt=-pass-through=-lgcc_s -plugin-opt=-pass-through=-lgcc -plugin-opt=-pass-through=-lquadmath -plugin-opt=-pass-through=-lm -plugin-opt=-pass-through=-lgcc_s -plugin-opt=-pass-through=-lgcc -plugin-opt=-pass-through=-lc -plugin-opt=-pass-through=-lgcc_s -plugin-opt=-pass-through=-lgcc --eh-frame-hdr -m elf_x86_64 -dynamic-linker /lib64/ld-linux-x86-64.so.2 -o conftest /usr/lib64/gcc/x86_64-slackware-linux/11.2.0/../../../../lib64/crt1.o /usr/lib64/gcc/x86_64-slackware-linux/11.2.0/../../../../lib64/crti.o /usr/lib64/gcc/x86_64-slackware-linux/11.2.0/crtbegin.o -L/usr/lib64/gcc/x86_64-slackware-linux/11.2.0 -L/usr/lib64/gcc/x86_64-slackware-linux/11.2.0/../../../../lib64 -L/lib/../lib64 -L/usr/lib/../lib64 -L/usr/lib64/gcc/x86_64-slackware-linux/11.2.0/../../.. /tmp/ccHTCKrK.o -lgfortran -lm -lgfortran -lm -lgcc_s -lgcc -lquadmath -lm -lgcc_s -lgcc -lc -lgcc_s -lgcc /usr/lib64/gcc/x86_64-slackware-linux/11.2.0/crtend.o /usr/lib64/gcc/x86_64-slackware-linux/11.2.0/../../../../lib64/crtn.o
configure:16857: result: -v
configure:16859: checking for Fortran 77 libraries of g77
configure:16882: g77 -o conftest -g -O2 -v conftest.f -lm
Reading specs from /usr/lib64/gcc/x86_64-slackware-linux/11.2.0/specs
Target: x86_64-slackware-linux
Thread model: posix
Supported LTO compression algorithms: zlib zstd
gcc version 11.2.0 (GCC) 
 /usr/libexec/gcc/x86_64-slackware-linux/11.2.0/f951 conftest.f -ffixed-form -quiet -dumpbase conftest.f -dumpbase-ext .f -mtune=generic -march=x86-64 -g -O2 -version -fintrinsic-modules-path /usr/lib64/gcc/x86_64-slackware-linux/11.2.0/finclude -fpre-include=/usr/include/finclude/math-vector-fortran.h -o /tmp/cc19YgNJ.s
GNU Fortran (GCC) version 11.2.0 (x86_64-slackware-linux)
	compiled by GNU C version 11.2.0, GMP version 6.2.1, MPFR version 4.1.0, MPC version 1.2.1, isl version isl-0.24-GMP

GGC heuristics: --param ggc-min-expand=100 --param ggc-min-heapsize=131072
GNU Fortran2008 (GCC) version 11.2.0 (x86_64-slackware-linux)
	compiled by GNU C version 11.2.0, GMP version 6.2.1, MPFR version 4.1.0, MPC version 1.2.1, isl version isl-0.24-GMP

GGC heuristics: --param ggc-min-expand=100 --param ggc-min-heapsize=131072
 as -v --gdwarf-5 --64 -o /tmp/ccSx03IP.o /tmp/cc19YgNJ.s
GNU assembler version 2.37 (x86_64-slackware-linux) using BFD version version 2.37-slack15
Reading specs from /usr/lib64/gcc/x86_64-slackware-linux/11.2.0/../../../../lib64/libgfortran.spec
rename spec lib to liborig
 /usr/libexec/gcc/x86_64-slackware-linux/11.2.0/collect2 -plugin /usr/libexec/gcc/x86_64-slackware-linux/11.2.0/liblto_plugin.so -plugin-opt=/usr/libexec/gcc/x86_64-slackware-linux/11.2.0/lto-wrapper -plugin-opt=-fresolution=/tmp/cc6oYYFL.res -plugin-opt=-pass-through=-lgcc_s -plugin-opt=-pass-through=-lgcc -plugin-opt=-pass-through=-lquadmath -plugin-opt=-pass-through=-lm -plugin-opt=-pass-through=-lgcc_s -plugin-opt=-pass-through=-lgcc -plugin-opt=-pass-through=-lc -plugin-opt=-pass-through=-lgcc_s -plugin-opt=-pass-through=-lgcc --eh-frame-hdr -m elf_x86_64 -dynamic-linker /lib64/ld-linux-x86-64.so.2 -o conftest /usr/lib64/gcc/x86_64-slackware-linux/11.2.0/../../../../lib64/crt1.o /usr/lib64/gcc/x86_64-slackware-linux/11.2.0/../../../../lib64/crti.o /usr/lib64/gcc/x86_64-slackware-linux/11.2.0/crtbegin.o -L/usr/lib64/gcc/x86_64-slackware-linux/11.2.0 -L/usr/lib64/gcc/x86_64-slackware-linux/11.2.0/../../../../lib64 -L/lib/../lib64 -L/usr/lib/../lib64 -L/usr/lib64/gcc/x86_64-slackware-linux/11.2.0/../../.. /tmp/ccSx03IP.o -lgfortran -lm -lgfortran -lm -lgcc_s -lgcc -lquadmath -lm -lgcc_s -lgcc -lc -lgcc_s -lgcc /usr/lib64/gcc/x86_64-slackware-linux/11.2.0/crtend.o /usr/lib64/gcc/x86_64-slackware-linux/11.2.0/../../../../lib64/crtn.o
configure:17078: result:  -L/usr/lib64/gcc/x86_64-slackware-linux/11.2.0 -L/usr/lib64/gcc/x86_64-slackware-linux/11.2.0/../../../../lib64 -L/lib/../lib64 -L/usr/lib/../lib64 -L/usr/lib64/gcc/x86_64-slackware-linux/11.2.0/../../.. -lgfortran -lm -lquadmath
configure:17094: checking for dummy main to link with Fortran 77 libraries
configure:17128: gcc -o conftest -g -O2 -Wall -Werror-implicit-function-declaration -Wstrict-prototypes -Wmissing-prototypes -Wmissing-declarations   conftest.c -lm   -L/usr/lib64/gcc/x86_64-slackware-linux/11.2.0 -L/usr/lib64/gcc/x86_64-slackware-linux/11.2.0/../../../../lib64 -L/lib/../lib64 -L/usr/lib/../lib64 -L/usr/lib64/gcc/x86_64-slackware-linux/11.2.0/../../.. -lgfortran -lm -lquadmath >&5
conftest.c:44:1: warning: function declaration isn't a prototype [-Wstrict-prototypes]
   44 | main ()
      | ^~~~
configure:17128: $? = 0
configure:17173: result: none
configure:17206: checking for Fortran 77 name-mangling scheme
configure:17219: g77 -c -g -O2 conftest.f >&5
configure:17219: $? = 0
configure:17260: gcc -o conftest -g -O2 -Wall -Werror-implicit-function-declaration -Wstrict-prototypes -Wmissing-prototypes -Wmissing-declarations   conftest.c cfortran_test.o -lm   -L/usr/lib64/gcc/x86_64-slackware-linux/11.2.0 -L/usr/lib64/gcc/x86_64-slackware-linux/11.2.0/../../../../lib64 -L/lib/../lib64 -L/usr/lib/../lib64 -L/usr/lib64/gcc/x86_64-slackware-linux/11.2.0/../../.. -lgfortran -lm -lquadmath >&5
conftest.c:41:1: warning: function declaration isn't a prototype [-Wstrict-prototypes]
   41 | char foobar ();
      | ^~~~
conftest.c:51:1: warning: function declaration isn't a prototype [-Wstrict-prototypes]
   51 | main ()
      | ^~~~
/usr/bin/ld: /tmp/ccMywgSd.o: in function `main':
/home/michael/Codes/Libraries/sqt/conftest.c:53: undefined reference to `foobar'
collect2: error: ld returned 1 exit status
configure:17260: $? = 1
configure: failed program was:
| /* confdefs.h */
| #define PACKAGE_NAME "sqt"
| #define PACKAGE_TARNAME "sqt"
| #define PACKAGE_VERSION "0.1"
| #define PACKAGE_STRING "sqt 0.1"
| #define PACKAGE_BUGREPORT ""
| #define PACKAGE_URL ""
| #define PACKAGE "sqt"
| #define VERSION "0.1"
| #define SQT_MAJOR_VERSION 0
| #define SQT_MINOR_VERSION 1
| #define SQT_MICRO_VERSION 0
| #define SQT_INTERFACE_AGE 0
| #define SQT_BINARY_AGE 0
| #define STDC_HEADERS 1
| #define HAVE_SYS_TYPES_H 1
| #define HAVE_SYS_STAT_H 1
| #define HAVE_STDLIB_H 1
| #define HAVE_STRING_H 1
| #define HAVE_MEMORY_H 1
| #define HAVE_STRINGS_H 1
| #define HAVE_INTTYPES_H 1
| #define HAVE_STDINT_H 1
| #define HAVE_UNISTD_H 1
| #define HAVE_DLFCN_H 1
| #define LT_OBJDIR ".libs/"
| #define STDC_HEADERS 1
| #define HAVE_BLASWRAP 1
| #define HAVE_AVX_INSTRUCTIONS 1
| #define HAVE_AVX2_INSTRUCTIONS 1
| #define HAVE_FMA_INSTRUCTIONS 1
| #define HAVE_LIBM 1
| /* end confdefs.h.  */
| 
| /* Override any GCC internal prototype to avoid an error.
|    Use char because int might match the return type of a GCC
|    builtin and then its argument prototype would still apply.  */
| #ifdef __cplusplus
| extern "C"
| #endif
| char foobar ();
| #ifdef F77_DUMMY_MAIN
| 
| #  ifdef __cplusplus
|      extern "C"
| #  endif
|    int F77_DUMMY_MAIN() { return 1; }
| 
| #endif
| int
| main ()
| {
| return foobar ();
|   ;
|   return 0;
| }
configure:17260: gcc -o conftest -g -O2 -Wall -Werror-implicit-function-declaration -Wstrict-prototypes -Wmissing-prototypes -Wmissing-declarations   conftest.c cfortran_test.o -lm   -L/usr/lib64/gcc/x86_64-slackware-linux/11.2.0 -L/usr/lib64/gcc/x86_64-slackware-linux/11.2.0/../../../../lib64 -L/lib/../lib64 -L/usr/lib/../lib64 -L/usr/lib64/gcc/x86_64-slackware-linux/11.2.0/../../.. -lgfortran -lm -lquadmath >&5
conftest.c:41:1: warning: function declaration isn't a prototype [-Wstrict-prototypes]
   41 | char foobar_ ();
      | ^~~~
conftest.c:51:1: warning: function declaration isn't a prototype [-Wstrict-prototypes]
   51 | main ()
      | ^~~~
configure:17260: $? = 0
configure:17318: gcc -o conftest -g -O2 -Wall -Werror-implicit-function-declaration -Wstrict-prototypes -Wmissing-prototypes -Wmissing-declarations   conftest.c cfortran_test.o -lm   -L/usr/lib64/gcc/x86_64-slackware-linux/11.2.0 -L/usr/lib64/gcc/x86_64-slackware-linux/11.2.0/../../../../lib64 -L/lib/../lib64 -L/usr/lib/../lib64 -L/usr/lib64/gcc/x86_64-slackware-linux/11.2.0/../../.. -lgfortran -lm -lquadmath >&5
conftest.c:41:1: warning: function declaration isn't a prototype [-Wstrict-prototypes]
   41 | char foo_bar_ ();
      | ^~~~
conftest.c:51:1: warning: function declaration isn't a prototype [-Wstrict-prototypes]
   51 | main ()
      | ^~~~
configure:17318: $? = 0
configure:17360: result: lower case, underscore, no extra underscore
configure:17552: checking that generated files are newer than configure
configure:17558: result: done
configure:17585: creating ./config.status

## ---------------------- ##
## Running config.status. ##
## ---------------------- ##

This file was extended by sqt config.status 0.1, which was
generated by GNU Autoconf 2.69.  Invocation command line was

  CONFIG_FILES    = 
  CONFIG_HEADERS  = 
  CONFIG_LINKS    = 
  CONFIG_COMMANDS = 
  $ ./config.status 

on michael.paraffinalia.co.uk

config.status:1173: creating Makefile
config.status:1173: creating src/Makefile
config.status:1173: creating src/sqt-config
config.status:1173: creating tests/Makefile
config.status:1173: creating config.h
config.status:1354: config.h is unchanged
config.status:1402: executing depfiles commands
config.status:1479: cd src       && sed -e '/# am--include-marker/d' Makefile         | make -f - am--depfiles
make: Nothing to be done for 'am--depfiles'.
config.status:1484: $? = 0
config.status:1479: cd tests       && sed -e '/# am--include-marker/d' Makefile         | make -f - am--depfiles
make: Nothing to be done for 'am--depfiles'.
config.status:1484: $? = 0
config.status:1402: executing libtool commands

## ---------------- ##
## Cache variables. ##
## ---------------- ##

ac_cv_build=x86_64-unknown-linux-gnu
ac_cv_c_compiler_gnu=yes
ac_cv_env_CC_set=
ac_cv_env_CC_value=
ac_cv_env_CFLAGS_set=
ac_cv_env_CFLAGS_value=
ac_cv_env_CPPFLAGS_set=
ac_cv_env_CPPFLAGS_value=
ac_cv_env_CPP_set=
ac_cv_env_CPP_value=
ac_cv_env_F77_set=
ac_cv_env_F77_value=
ac_cv_env_FFLAGS_set=
ac_cv_env_FFLAGS_value=
ac_cv_env_GLIB_CFLAGS_set=
ac_cv_env_GLIB_CFLAGS_value=
ac_cv_env_GLIB_LIBS_set=
ac_cv_env_GLIB_LIBS_value=
ac_cv_env_LDFLAGS_set=
ac_cv_env_LDFLAGS_value=
ac_cv_env_LIBS_set=
ac_cv_env_LIBS_value=
ac_cv_env_LT_SYS_LIBRARY_PATH_set=
ac_cv_env_LT_SYS_LIBRARY_PATH_value=
ac_cv_env_PKG_CONFIG_LIBDIR_set=
ac_cv_env_PKG_CONFIG_LIBDIR_value=
ac_cv_env_PKG_CONFIG_PATH_set=set
ac_cv_env_PKG_CONFIG_PATH_value=/home/michael/Codes/lib/pkgconfig:/home/michael/Codes/lib/pkgconfig:/usr/local/lib64/pkgconfig:/usr/local/share/pkgconfig:/usr/lib64/pkgconfig:/usr/share/pkgconfig:/usr/local/lib64/pkgconfig:/usr/local/share/pkgconfig
ac_cv_env_PKG_CONFIG_set=
ac_cv_env_PKG_CONFIG_value=
ac_cv_env_build_alias_set=
ac_cv_env_build_alias_value=
ac_cv_env_host_alias_set=
ac_cv_env_host_alias_value=
ac_cv_env_target_alias_set=
ac_cv_env_target_alias_value=
ac_cv_f77_compiler_gnu=yes
ac_cv_f77_dummy_main=none
ac_cv_f77_libs=' -L/usr/lib64/gcc/x86_64-slackware-linux/11.2.0 -L/usr/lib64/gcc/x86_64-slackware-linux/11.2.0/../../../../lib64 -L/lib/../lib64 -L/usr/lib/../lib64 -L/usr/lib64/gcc/x86_64-slackware-linux/11.2.0/../../.. -lgfortran -lm -lquadmath'
ac_cv_f77_mangling='lower case, underscore, no extra underscore'
ac_cv_fortran_dummy_main=none
ac_cv_header_dlfcn_h=yes
ac_cv_header_inttypes_h=yes
ac_cv_header_memory_h=yes
ac_cv_header_stdc=yes
ac_cv_header_stdint_h=yes
ac_cv_header_stdlib_h=yes
ac_cv_header_string_h=yes
ac_cv_header_strings_h=yes
ac_cv_header_sys_stat_h=yes
ac_cv_header_sys_types_h=yes
ac_cv_header_unistd_h=yes
ac_cv_host=x86_64-unknown-linux-gnu
ac_cv_lib_m_cos=yes
ac_cv_objext=o
ac_cv_path_EGREP='/usr/bin/grep -E'
ac_cv_path_FGREP='/usr/bin/grep -F'
ac_cv_path_GREP=/usr/bin/grep
ac_cv_path_SED=/usr/bin/sed
ac_cv_path_ac_pt_PKG_CONFIG=/usr/bin/pkg-config
ac_cv_path_install='/usr/bin/ginstall -c'
ac_cv_path_lt_DD=/usr/bin/dd
ac_cv_path_mkdir=/usr/bin/mkdir
ac_cv_prog_AWK=gawk
ac_cv_prog_BLASWRAP=yes
ac_cv_prog_CPP='gcc -E'
ac_cv_prog_ac_ct_AR=ar
ac_cv_prog_ac_ct_CC=gcc
ac_cv_prog_ac_ct_DLLTOOL=dlltool
ac_cv_prog_ac_ct_F77=g77
ac_cv_prog_ac_ct_MANIFEST_TOOL=mt
ac_cv_prog_ac_ct_OBJDUMP=objdump
ac_cv_prog_ac_ct_RANLIB=ranlib
ac_cv_prog_ac_ct_STRIP=strip
ac_cv_prog_c_openmp=-fopenmp
ac_cv_prog_cc_c89=
ac_cv_prog_cc_g=yes
ac_cv_prog_f77_g=yes
ac_cv_prog_f77_v=-v
ac_cv_prog_make_make_set=yes
ac_cv_search_strerror='none required'
am_cv_CC_dependencies_compiler_type=gcc3
am_cv_make_support_nested_variables=yes
am_cv_prog_cc_c_o=yes
ax_cv_gcc_check_x86_cpu_init=yes
ax_cv_gcc_x86_cpu_supports_avx2=yes
ax_cv_gcc_x86_cpu_supports_avx=yes
ax_cv_gcc_x86_cpu_supports_fma=yes
lt_cv_ar_at_file=@
lt_cv_archive_cmds_need_lc=no
lt_cv_deplibs_check_method=pass_all
lt_cv_file_magic_cmd='$MAGIC_CMD'
lt_cv_file_magic_test_file=
lt_cv_ld_reload_flag=-r
lt_cv_nm_interface='BSD nm'
lt_cv_objdir=.libs
lt_cv_path_LD=/usr/bin/ld
lt_cv_path_NM='/usr/bin/nm -B'
lt_cv_path_mainfest_tool=no
lt_cv_prog_compiler_c_o=yes
lt_cv_prog_compiler_c_o_F77=yes
lt_cv_prog_compiler_pic='-fPIC -DPIC'
lt_cv_prog_compiler_pic_F77=-fPIC
lt_cv_prog_compiler_pic_works=yes
lt_cv_prog_compiler_pic_works_F77=yes
lt_cv_prog_compiler_rtti_exceptions=no
lt_cv_prog_compiler_static_works=yes
lt_cv_prog_compiler_static_works_F77=yes
lt_cv_prog_gnu_ld=yes
lt_cv_sharedlib_from_linklib_cmd='printf %s\n'
lt_cv_shlibpath_overrides_runpath=no
lt_cv_sys_global_symbol_pipe='sed -n -e '\''s/^.*[	 ]\([ABCDGIRSTW][ABCDGIRSTW]*\)[	 ][	 ]*\([_A-Za-z][_A-Za-z0-9]*\)$/\1 \2 \2/p'\'' | sed '\''/ __gnu_lto/d'\'''
lt_cv_sys_global_symbol_to_c_name_address='sed -n -e '\''s/^: \(.*\) .*$/  {"\1", (void *) 0},/p'\'' -e '\''s/^[ABCDGIRSTW][ABCDGIRSTW]* .* \(.*\)$/  {"\1", (void *) \&\1},/p'\'''
lt_cv_sys_global_symbol_to_c_name_address_lib_prefix='sed -n -e '\''s/^: \(.*\) .*$/  {"\1", (void *) 0},/p'\'' -e '\''s/^[ABCDGIRSTW][ABCDGIRSTW]* .* \(lib.*\)$/  {"\1", (void *) \&\1},/p'\'' -e '\''s/^[ABCDGIRSTW][ABCDGIRSTW]* .* \(.*\)$/  {"lib\1", (void *) \&\1},/p'\'''
lt_cv_sys_global_symbol_to_cdecl='sed -n -e '\''s/^T .* \(.*\)$/extern int \1();/p'\'' -e '\''s/^[ABCDGIRSTW][ABCDGIRSTW]* .* \(.*\)$/extern char \1;/p'\'''
lt_cv_sys_global_symbol_to_import=
lt_cv_sys_max_cmd_len=1572864
lt_cv_to_host_file_cmd=func_convert_file_noop
lt_cv_to_tool_file_cmd=func_convert_file_noop
lt_cv_truncate_bin='/usr/bin/dd bs=4096 count=1'
pkg_cv_GLIB_CFLAGS='-I/usr/include/glib-2.0 -I/usr/lib64/glib-2.0/include'
pkg_cv_GLIB_LIBS=-lglib-2.0

## ----------------- ##
## Output variables. ##
## ----------------- ##

ACLOCAL='${SHELL} /home/michael/Codes/Libraries/sqt/missing aclocal-1.16'
AMDEPBACKSLASH='\'
AMDEP_FALSE='#'
AMDEP_TRUE=''
AMTAR='$${TAR-tar}'
AM_BACKSLASH='\'
AM_DEFAULT_V='$(AM_DEFAULT_VERBOSITY)'
AM_DEFAULT_VERBOSITY='1'
AM_V='$(V)'
AR='ar'
AUTOCONF='${SHELL} /home/michael/Codes/Libraries/sqt/missing autoconf'
AUTOHEADER='${SHELL} /home/michael/Codes/Libraries/sqt/missing autoheader'
AUTOMAKE='${SHELL} /home/michael/Codes/Libraries/sqt/missing automake-1.16'
AWK='gawk'
BLASWRAP='yes'
CC='gcc'
CCDEPMODE='depmode=gcc3'
CFLAGS='-g -O2 -Wall -Werror-implicit-function-declaration -Wstrict-prototypes -Wmissing-prototypes -Wmissing-declarations -fopenmp  -mavx -mfma -I/usr/include/glib-2.0 -I/usr/lib64/glib-2.0/include -I/home/michael/Codes/include'
CPP='gcc -E'
CPPFLAGS=''
CYGPATH_W='echo'
DEFS='-DHAVE_CONFIG_H'
DEPDIR='.deps'
DLLTOOL='dlltool'
DSYMUTIL=''
DUMPBIN=''
ECHO_C=''
ECHO_N='-n'
ECHO_T=''
EGREP='/usr/bin/grep -E'
EXEEXT=''
F77='g77'
FFLAGS='-g -O2'
FGREP='/usr/bin/grep -F'
FLIBS=' -L/usr/lib64/gcc/x86_64-slackware-linux/11.2.0 -L/usr/lib64/gcc/x86_64-slackware-linux/11.2.0/../../../../lib64 -L/lib/../lib64 -L/usr/lib/../lib64 -L/usr/lib64/gcc/x86_64-slackware-linux/11.2.0/../../.. -lgfortran -lm -lquadmath'
GLIB_CFLAGS='-I/usr/include/glib-2.0 -I/usr/lib64/glib-2.0/include'
GLIB_LIBS='-lglib-2.0'
GREP='/usr/bin/grep'
INSTALL_DATA='${INSTALL} -m 644'
INSTALL_PROGRAM='${INSTALL}'
INSTALL_SCRIPT='${INSTALL}'
INSTALL_STRIP_PROGRAM='$(install_sh) -c -s'
LD='/usr/bin/ld -m elf_x86_64'
LDFLAGS=''
LIBOBJS=''
LIBS='-lglib-2.0 -lglib-2.0 -lblas -L/usr/lib64/gcc/x86_64-slackware-linux/11.2.0 -L/usr/lib64/gcc/x86_64-slackware-linux/11.2.0/../../../../lib64 -L/lib/../lib64 -L/usr/lib/../lib64 -L/usr/lib64/gcc/x86_64-slackware-linux/11.2.0/../../.. -lgfortran -lquadmath -lm  -lm   -L/usr/lib64/gcc/x86_64-slackware-linux/11.2.0 -L/usr/lib64/gcc/x86_64-slackware-linux/11.2.0/../../../../lib64 -L/lib/../lib64 -L/usr/lib/../lib64 -L/usr/lib64/gcc/x86_64-slackware-linux/11.2.0/../../.. -lgfortran -lm -lquadmath'
LIBTOOL='$(SHELL) $(top_builddir)/libtool'
LIPO=''
LN_S='ln -s'
LTLIBOBJS=''
LT_AGE='0'
LT_CURRENT='0'
LT_RELEASE='0.1'
LT_REVISION='0'
LT_SYS_LIBRARY_PATH=''
MAKEINFO='${SHELL} /home/michael/Codes/Libraries/sqt/missing makeinfo'
MANIFEST_TOOL=':'
MKDIR_P='/usr/bin/mkdir -p'
NM='/usr/bin/nm -B'
NMEDIT=''
OBJDUMP='objdump'
OBJEXT='o'
OPENMP_CFLAGS='-fopenmp'
OTOOL64=''
OTOOL=''
PACKAGE='sqt'
PACKAGE_BUGREPORT=''
PACKAGE_NAME='sqt'
PACKAGE_STRING='sqt 0.1'
PACKAGE_TARNAME='sqt'
PACKAGE_URL=''
PACKAGE_VERSION='0.1'
PATH_SEPARATOR=':'
PKG_CONFIG='/usr/bin/pkg-config'
PKG_CONFIG_LIBDIR=''
PKG_CONFIG_PATH='/home/michael/Codes/lib/pkgconfig:/home/michael/Codes/lib/pkgconfig:/usr/local/lib64/pkgconfig:/usr/local/share/pkgconfig:/usr/lib64/pkgconfig:/usr/share/pkgconfig:/usr/local/lib64/pkgconfig:/usr/local/share/pkgconfig'
RANLIB='ranlib'
SED='/usr/bin/sed'
SET_MAKE=''
SHELL='/bin/sh'
SQT_MAJOR_VERSION='0'
SQT_MICRO_VERSION='0'
SQT_MINOR_VERSION='1'
SQT_VERSION='0.1.0'
STRIP='strip'
VERSION='0.1'
ac_ct_AR='ar'
ac_ct_CC='gcc'
ac_ct_DUMPBIN=''
ac_ct_F77='g77'
am__EXEEXT_FALSE=''
am__EXEEXT_TRUE='#'
am__fastdepCC_FALSE='#'
am__fastdepCC_TRUE=''
am__include='include'
am__isrc=''
am__leading_dot='.'
am__nodep='_no'
am__quote=''
am__tar='$${TAR-tar} chof - "$$tardir"'
am__untar='$${TAR-tar} xf -'
bindir='${exec_prefix}/bin'
build='x86_64-unknown-linux-gnu'
build_alias=''
build_cpu='x86_64'
build_os='linux-gnu'
build_vendor='unknown'
datadir='${datarootdir}'
datarootdir='${prefix}/share'
docdir='${datarootdir}/doc/${PACKAGE_TARNAME}'
dvidir='${docdir}'
exec_prefix='${prefix}'
host='x86_64-unknown-linux-gnu'
host_alias=''
host_cpu='x86_64'
host_os='linux-gnu'
host_vendor='unknown'
htmldir='${docdir}'
includedir='${prefix}/include'
infodir='${datarootdir}/info'
install_sh='${SHELL} /home/michael/Codes/Libraries/sqt/install-sh'
libdir='${exec_prefix}/lib'
libexecdir='${exec_prefix}/libexec'
localedir='${datarootdir}/locale'
localstatedir='${prefix}/var'
mandir='${datarootdir}/man'
mkdir_p='$(MKDIR_P)'
oldincludedir='/usr/include'
pdfdir='${docdir}'
prefix='/home/michael/Codes'
program_transform_name='s,x,x,'
psdir='${docdir}'
sbindir='${exec_prefix}/sbin'
sharedstatedir='${prefix}/com'
sysconfdir='${prefix}/etc'
target_alias=''

## ----------- ##
## confdefs.h. ##
## ----------- ##

/* confdefs.h */
#define PACKAGE_NAME "sqt"
#define PACKAGE_TARNAME "sqt"
#define PACKAGE_VERSION "0.1"
#define PACKAGE_STRING "sqt 0.1"
#define PACKAGE_BUGREPORT ""
#define PACKAGE_URL ""
#define PACKAGE "sqt"
#define VERSION "0.1"
#define SQT_MAJOR_VERSION 0
#define SQT_MINOR_VERSION 1
#define SQT_MICRO_VERSION 0
#define SQT_INTERFACE_AGE 0
#define SQT_BINARY_AGE 0
#define STDC_HEADERS 1
#define HAVE_SYS_TYPES_H 1
#define HAVE_SYS_STAT_H 1
#define HAVE_STDLIB_H 1
#define HAVE_STRING_H 1
#define HAVE_MEMORY_H 1
#define HAVE_STRINGS_H 1
#define HAVE_INTTYPES_H 1
#define HAVE_STDINT_H 1
#define HAVE_UNISTD_H 1
#define HAVE_DLFCN_H 1
#define LT_OBJDIR ".libs/"
#define STDC_HEADERS 1
#define HAVE_BLASWRAP 1
#define HAVE_AVX_INSTRUCTIONS 1
#define HAVE_AVX2_INSTRUCTIONS 1
#define HAVE_FMA_INSTRUCTIONS 1
#define HAVE_LIBM 1
#define F77_FUNC(name,NAME) name ## _
#define F77_FUNC_(name,NAME) name ## _

configure: exit 0

## ---------------------- ##
## Running config.status. ##
## ---------------------- ##

This file was extended by sqt config.status 0.1, which was
generated by GNU Autoconf 2.69.  Invocation command line was

  CONFIG_FILES    = 
  CONFIG_HEADERS  = 
  CONFIG_LINKS    = 
  CONFIG_COMMANDS = 
  $ ./config.status config.h

on michael.paraffinalia.co.uk

config.status:1173: creating config.h
config.status:1354: config.h is unchanged

## ---------------------- ##
## Running config.status. ##
## ---------------------- ##

This file was extended by sqt config.status 0.1, which was
generated by GNU Autoconf 2.69.  Invocation command line was

  CONFIG_FILES    = 
  CONFIG_HEADERS  = 
  CONFIG_LINKS    = 
  CONFIG_COMMANDS = 
  $ ./config.status src/sqt-config

on michael.paraffinalia.co.uk

config.status:1173: creating src/sqt-config
