==2763== Memcheck, a memory error detector
==2763== Copyright (C) 2002-2017, and GNU GPL'd, by Julian Seward et al.
==2763== Using Valgrind-3.16.1-36d6727e1d-20200622X and LibVEX; rerun with -h for copyright info
==2763== Command: ../tests/sqt-tests -T matrix_self -N 4
==2763== Parent PID: 15292
==2763== 
--2763-- 
--2763-- Valgrind options:
--2763--    -v
--2763--    --leak-check=full
--2763--    --log-file=vg.log
--2763--    --track-origins=yes
--2763--    --show-leak-kinds=all
--2763-- Contents of /proc/version:
--2763--   Linux version 4.4.227 (root@z-mp.slackware.lan) (gcc version 5.5.0 (GCC) ) #1 SMP Thu Jun 11 15:06:42 CDT 2020
--2763-- 
--2763-- Arch and hwcaps: AMD64, LittleEndian, amd64-cx16-rdtscp-sse3-ssse3-avx-f16c
--2763-- Page sizes: currently 4096, max supported 4096
--2763-- Valgrind library directory: /usr/lib64/valgrind
--2763-- Reading syms from /home/michael/Codes/C/sqt/tests/sqt-tests
--2763-- Reading syms from /lib64/ld-2.23.so
--2763-- Reading syms from /usr/lib64/valgrind/memcheck-amd64-linux
--2763--    object doesn't have a symbol table
--2763--    object doesn't have a dynamic symbol table
--2763-- Scheduler: using generic scheduler lock implementation.
--2763-- Reading suppressions file: /usr/lib64/valgrind/default.supp
==2763== embedded gdbserver: reading from /tmp/vgdb-pipe-from-vgdb-to-2763-by-michael-on-michael.paraffinalia.co.uk
==2763== embedded gdbserver: writing to   /tmp/vgdb-pipe-to-vgdb-from-2763-by-michael-on-michael.paraffinalia.co.uk
==2763== embedded gdbserver: shared mem   /tmp/vgdb-pipe-shared-mem-vgdb-2763-by-michael-on-michael.paraffinalia.co.uk
==2763== 
==2763== TO CONTROL THIS PROCESS USING vgdb (which you probably
==2763== don't want to do, unless you know exactly what you're doing,
==2763== or are doing some strange experiment):
==2763==   /usr/lib64/valgrind/../../bin/vgdb --pid=2763 ...command...
==2763== 
==2763== TO DEBUG THIS PROCESS USING GDB: start GDB like this
==2763==   /path/to/gdb ../tests/sqt-tests
==2763== and then give GDB the following command
==2763==   target remote | /usr/lib64/valgrind/../../bin/vgdb --pid=2763
==2763== --pid is optional if only one valgrind process is running
==2763== 
--2763-- REDIR: 0x401cd50 (ld-linux-x86-64.so.2:strlen) redirected to 0x5811833d (???)
--2763-- REDIR: 0x401b6a0 (ld-linux-x86-64.so.2:index) redirected to 0x58118357 (???)
--2763-- Reading syms from /usr/lib64/valgrind/vgpreload_core-amd64-linux.so
--2763-- Reading syms from /usr/lib64/valgrind/vgpreload_memcheck-amd64-linux.so
==2763== WARNING: new redirection conflicts with existing -- ignoring it
--2763--     old: 0x0401cd50 (strlen              ) R-> (0000.0) 0x5811833d ???
--2763--     new: 0x0401cd50 (strlen              ) R-> (2007.0) 0x04c315f0 strlen
--2763-- REDIR: 0x401b8c0 (ld-linux-x86-64.so.2:strcmp) redirected to 0x4c326a0 (strcmp)
--2763-- Reading syms from /usr/lib64/libglib-2.0.so.0.4600.2
--2763--    object doesn't have a symbol table
--2763-- Reading syms from /lib64/libpthread-2.23.so
--2763-- Reading syms from /usr/lib64/libopenblas_sandybridgep-r0.3.3.so
--2763--    object doesn't have a symbol table
--2763-- Reading syms from /usr/lib64/libgfortran.so.3.0.0
--2763--    object doesn't have a symbol table
--2763-- Reading syms from /usr/lib64/libquadmath.so.0.0.0
--2763--    object doesn't have a symbol table
--2763-- Reading syms from /lib64/libm-2.23.so
--2763-- Reading syms from /usr/lib64/libgomp.so.1.0.0
--2763--    object doesn't have a symbol table
--2763-- Reading syms from /lib64/libc-2.23.so
--2763-- Reading syms from /usr/lib64/libgcc_s.so.1
--2763--    object doesn't have a symbol table
--2763-- Reading syms from /lib64/libdl-2.23.so
--2763-- REDIR: 0x6d562b0 (libc.so.6:strcasecmp) redirected to 0x4a28750 (_vgnU_ifunc_wrapper)
--2763-- REDIR: 0x6d51b10 (libc.so.6:strcspn) redirected to 0x4a28750 (_vgnU_ifunc_wrapper)
--2763-- REDIR: 0x6d585a0 (libc.so.6:strncasecmp) redirected to 0x4a28750 (_vgnU_ifunc_wrapper)
--2763-- REDIR: 0x6d53fa0 (libc.so.6:strpbrk) redirected to 0x4a28750 (_vgnU_ifunc_wrapper)
--2763-- REDIR: 0x6d54330 (libc.so.6:strspn) redirected to 0x4a28750 (_vgnU_ifunc_wrapper)
--2763-- REDIR: 0x6d559fb (libc.so.6:memcpy@GLIBC_2.2.5) redirected to 0x4a28750 (_vgnU_ifunc_wrapper)
--2763-- REDIR: 0x6d523d0 (libc.so.6:strncmp) redirected to 0x4a28750 (_vgnU_ifunc_wrapper)
--2763-- REDIR: 0x6d53cb0 (libc.so.6:rindex) redirected to 0x4c30f70 (rindex)
--2763-- REDIR: 0x6d4b460 (libc.so.6:calloc) redirected to 0x4c30290 (calloc)
--2763-- REDIR: 0x6d51fd0 (libc.so.6:strlen) redirected to 0x4c31530 (strlen)
--2763-- REDIR: 0x6d4a810 (libc.so.6:malloc) redirected to 0x4c2df00 (malloc)
--2763-- REDIR: 0x6d558a0 (libc.so.6:__GI_memmove) redirected to 0x4c354a0 (__GI_memmove)
--2763-- REDIR: 0x6d4abd0 (libc.so.6:free) redirected to 0x4c2f130 (free)
--2763-- REDIR: 0x6d55a60 (libc.so.6:memset) redirected to 0x4a28750 (_vgnU_ifunc_wrapper)
--2763-- REDIR: 0x6d55af0 (libc.so.6:__GI_memset) redirected to 0x4c35080 (memset)
--2763-- REDIR: 0x6d5ad30 (libc.so.6:__GI_memcpy) redirected to 0x4c332d0 (__GI_memcpy)
--2763-- REDIR: 0x6d52420 (libc.so.6:__GI_strncmp) redirected to 0x4c31ce0 (__GI_strncmp)
--2763-- REDIR: 0x6d5acb0 (libc.so.6:memcpy@@GLIBC_2.14) redirected to 0x4a28750 (_vgnU_ifunc_wrapper)
--2763-- REDIR: 0x6d660c0 (libc.so.6:__memcpy_sse2_unaligned) redirected to 0x4c32b30 (memcpy@@GLIBC_2.14)
--2763-- REDIR: 0x6d50340 (libc.so.6:__GI_strchr) redirected to 0x4c310d0 (__GI_strchr)
--2763-- REDIR: 0x6d50560 (libc.so.6:strcmp) redirected to 0x4a28750 (_vgnU_ifunc_wrapper)
--2763-- REDIR: 0x6d65e10 (libc.so.6:__strcmp_sse2_unaligned) redirected to 0x4c32560 (strcmp)
--2763-- REDIR: 0x6d5d020 (libc.so.6:strchrnul) redirected to 0x4c35be0 (strchrnul)
--2763-- REDIR: 0x6d55460 (libc.so.6:bcmp) redirected to 0x4a28750 (_vgnU_ifunc_wrapper)
--2763-- REDIR: 0x6e34c70 (libc.so.6:__memcmp_sse4_1) redirected to 0x4c347c0 (__memcmp_sse4_1)
--2763-- REDIR: 0x6d56100 (libc.so.6:stpcpy) redirected to 0x4a28750 (_vgnU_ifunc_wrapper)
--2763-- REDIR: 0x6d6d880 (libc.so.6:__stpcpy_sse2_unaligned) redirected to 0x4c34c10 (__stpcpy_sse2_unaligned)
--2763-- REDIR: 0x6d4ada0 (libc.so.6:realloc) redirected to 0x4c304d0 (realloc)
--2763-- REDIR: 0x6d54ee0 (libc.so.6:strstr) redirected to 0x4a28750 (_vgnU_ifunc_wrapper)
--2763-- REDIR: 0x6d70910 (libc.so.6:__strstr_sse2_unaligned) redirected to 0x4c362a0 (strstr)
--2763-- REDIR: 0x6d56140 (libc.so.6:__GI_stpcpy) redirected to 0x4c34a70 (__GI_stpcpy)
--2763-- REDIR: 0x6d54910 (libc.so.6:__GI_strstr) redirected to 0x4c36310 (__strstr_sse2)
--2763-- REDIR: 0x6d55110 (libc.so.6:memchr) redirected to 0x4c32740 (memchr)
--2763-- REDIR: 0x6d554a0 (libc.so.6:__GI_memcmp) redirected to 0x4c34680 (__GI_memcmp)
--2763-- REDIR: 0x6d505a0 (libc.so.6:__GI_strcmp) redirected to 0x4c325b0 (__GI_strcmp)
--2763-- REDIR: 0x6d52170 (libc.so.6:strnlen) redirected to 0x4c314b0 (strnlen)
--2763-- REDIR: 0x6d5ce10 (libc.so.6:rawmemchr) redirected to 0x4c35c10 (rawmemchr)
==2763== 
==2763== Process terminating with default action of signal 6 (SIGABRT)
==2763==    at 0x6CFC3F8: raise (in /lib64/libc-2.23.so)
==2763==    by 0x6CFDFF9: abort (in /lib64/libc-2.23.so)
==2763==    by 0x4EA84D4: g_assertion_message (in /usr/lib64/libglib-2.0.so.0.4600.2)
==2763==    by 0x4EA8549: g_assertion_message_expr (in /usr/lib64/libglib-2.0.so.0.4600.2)
==2763==    by 0x410914: index_find (angular-rules.c:46258)
==2763==    by 0x4109B4: angular_quadrature_select (angular-rules.c:46274)
==2763==    by 0x4101EE: triangle_quad (singular.c:244)
==2763==    by 0x410894: sqt_singular_quad_tri (singular.c:309)
==2763==    by 0x411584: sqt_laplace_weights_tri_singular (laplace.c:137)
==2763==    by 0x4117C1: sqt_laplace_source_target_tri_self (laplace.c:194)
==2763==    by 0x404B15: matrix_self_test (sqt-tests.c:664)
==2763==    by 0x4054FA: main (sqt-tests.c:802)
==2763== 
==2763== HEAP SUMMARY:
==2763==     in use at exit: 148,292 bytes in 40 blocks
==2763==   total heap usage: 2,407 allocs, 2,367 frees, 387,722 bytes allocated
==2763== 
==2763== Searching for pointers to 40 not-freed blocks
==2763== Checked 160,976,144 bytes
==2763== 
==2763== 4 bytes in 1 blocks are still reachable in loss record 1 of 36
==2763==    at 0x4C2DF6F: malloc (vg_replace_malloc.c:307)
==2763==    by 0x4EC5F52: ??? (in /usr/lib64/libglib-2.0.so.0.4600.2)
==2763==    by 0x4EC6474: g_private_get (in /usr/lib64/libglib-2.0.so.0.4600.2)
==2763==    by 0x4E9F3CC: g_slice_alloc (in /usr/lib64/libglib-2.0.so.0.4600.2)
==2763==    by 0x4E727BD: g_hash_table_new_full (in /usr/lib64/libglib-2.0.so.0.4600.2)
==2763==    by 0x4E929CA: ??? (in /usr/lib64/libglib-2.0.so.0.4600.2)
==2763==    by 0x4E556E8: ??? (in /usr/lib64/libglib-2.0.so.0.4600.2)
==2763==    by 0x4EEE515: ??? (in /usr/lib64/libglib-2.0.so.0.4600.2)
==2763==    by 0x4E5441E: ??? (in /usr/lib64/libglib-2.0.so.0.4600.2)
==2763==    by 0x1FFEFFFAC7: ???
==2763==    by 0x4010619: call_init.part.0 (in /lib64/ld-2.23.so)
==2763==    by 0x401076A: _dl_init (in /lib64/ld-2.23.so)
==2763== 
==2763== 4 bytes in 1 blocks are still reachable in loss record 2 of 36
==2763==    at 0x4C2DF6F: malloc (vg_replace_malloc.c:307)
==2763==    by 0x4EC5F52: ??? (in /usr/lib64/libglib-2.0.so.0.4600.2)
==2763==    by 0x4EC6474: g_private_get (in /usr/lib64/libglib-2.0.so.0.4600.2)
==2763==    by 0x4E5FFF8: g_get_charset (in /usr/lib64/libglib-2.0.so.0.4600.2)
==2763==    by 0x4E8A717: g_printerr (in /usr/lib64/libglib-2.0.so.0.4600.2)
==2763==    by 0x4EA8451: g_assertion_message (in /usr/lib64/libglib-2.0.so.0.4600.2)
==2763==    by 0x4EA8549: g_assertion_message_expr (in /usr/lib64/libglib-2.0.so.0.4600.2)
==2763==    by 0x410914: index_find (angular-rules.c:46258)
==2763==    by 0x4109B4: angular_quadrature_select (angular-rules.c:46274)
==2763==    by 0x4101EE: triangle_quad (singular.c:244)
==2763==    by 0x410894: sqt_singular_quad_tri (singular.c:309)
==2763==    by 0x411584: sqt_laplace_weights_tri_singular (laplace.c:137)
==2763== 
==2763== 6 bytes in 1 blocks are still reachable in loss record 3 of 36
==2763==    at 0x4C2DF6F: malloc (vg_replace_malloc.c:307)
==2763==    by 0x6D51D19: strdup (in /lib64/libc-2.23.so)
==2763==    by 0x63220A2: ??? (in /usr/lib64/libgfortran.so.3.0.0)
==2763==    by 0x62566B7: ??? (in /usr/lib64/libgfortran.so.3.0.0)
==2763==    by 0x63381B5: ??? (in /usr/lib64/libgfortran.so.3.0.0)
==2763==    by 0x6254A8E: ??? (in /usr/lib64/libgfortran.so.3.0.0)
==2763==    by 0x1FFEFFFAC7: ???
==2763==    by 0x4010619: call_init.part.0 (in /lib64/ld-2.23.so)
==2763==    by 0x401076A: _dl_init (in /lib64/ld-2.23.so)
==2763==    by 0x4000C09: ??? (in /lib64/ld-2.23.so)
==2763==    by 0x4: ???
==2763==    by 0x1FFEFFFDCE: ???
==2763== 
==2763== 7 bytes in 1 blocks are still reachable in loss record 4 of 36
==2763==    at 0x4C2DF6F: malloc (vg_replace_malloc.c:307)
==2763==    by 0x6D51D19: strdup (in /lib64/libc-2.23.so)
==2763==    by 0x632215D: ??? (in /usr/lib64/libgfortran.so.3.0.0)
==2763==    by 0x62566B7: ??? (in /usr/lib64/libgfortran.so.3.0.0)
==2763==    by 0x63381B5: ??? (in /usr/lib64/libgfortran.so.3.0.0)
==2763==    by 0x6254A8E: ??? (in /usr/lib64/libgfortran.so.3.0.0)
==2763==    by 0x1FFEFFFAC7: ???
==2763==    by 0x4010619: call_init.part.0 (in /lib64/ld-2.23.so)
==2763==    by 0x401076A: _dl_init (in /lib64/ld-2.23.so)
==2763==    by 0x4000C09: ??? (in /lib64/ld-2.23.so)
==2763==    by 0x4: ???
==2763==    by 0x1FFEFFFDCE: ???
==2763== 
==2763== 7 bytes in 1 blocks are still reachable in loss record 5 of 36
==2763==    at 0x4C2DF6F: malloc (vg_replace_malloc.c:307)
==2763==    by 0x6D51D19: strdup (in /lib64/libc-2.23.so)
==2763==    by 0x6322211: ??? (in /usr/lib64/libgfortran.so.3.0.0)
==2763==    by 0x62566B7: ??? (in /usr/lib64/libgfortran.so.3.0.0)
==2763==    by 0x63381B5: ??? (in /usr/lib64/libgfortran.so.3.0.0)
==2763==    by 0x6254A8E: ??? (in /usr/lib64/libgfortran.so.3.0.0)
==2763==    by 0x1FFEFFFAC7: ???
==2763==    by 0x4010619: call_init.part.0 (in /lib64/ld-2.23.so)
==2763==    by 0x401076A: _dl_init (in /lib64/ld-2.23.so)
==2763==    by 0x4000C09: ??? (in /lib64/ld-2.23.so)
==2763==    by 0x4: ???
==2763==    by 0x1FFEFFFDCE: ???
==2763== 
==2763== 8 bytes in 1 blocks are still reachable in loss record 6 of 36
==2763==    at 0x4C2DF6F: malloc (vg_replace_malloc.c:307)
==2763==    by 0x6AAD718: ??? (in /usr/lib64/libgomp.so.1.0.0)
==2763==    by 0x6AB6117: ??? (in /usr/lib64/libgomp.so.1.0.0)
==2763==    by 0x6AABD88: ??? (in /usr/lib64/libgomp.so.1.0.0)
==2763==    by 0x6ABE545: ??? (in /usr/lib64/libgomp.so.1.0.0)
==2763==    by 0x6AAACB6: ??? (in /usr/lib64/libgomp.so.1.0.0)
==2763==    by 0x1FFEFFFAC7: ???
==2763==    by 0x4010619: call_init.part.0 (in /lib64/ld-2.23.so)
==2763==    by 0x401076A: _dl_init (in /lib64/ld-2.23.so)
==2763==    by 0x4000C09: ??? (in /lib64/ld-2.23.so)
==2763==    by 0x4: ???
==2763==    by 0x1FFEFFFDCE: ???
==2763== 
==2763== 10 bytes in 1 blocks are still reachable in loss record 7 of 36
==2763==    at 0x4C2DF6F: malloc (vg_replace_malloc.c:307)
==2763==    by 0x4E88B08: g_malloc (in /usr/lib64/libglib-2.0.so.0.4600.2)
==2763==    by 0x4EA0F9E: g_strdup (in /usr/lib64/libglib-2.0.so.0.4600.2)
==2763==    by 0x404ED6: main (sqt-tests.c:705)
==2763== 
==2763== 10 bytes in 1 blocks are definitely lost in loss record 8 of 36
==2763==    at 0x4C2DF6F: malloc (vg_replace_malloc.c:307)
==2763==    by 0x4E88B08: g_malloc (in /usr/lib64/libglib-2.0.so.0.4600.2)
==2763==    by 0x4E71622: g_path_get_basename (in /usr/lib64/libglib-2.0.so.0.4600.2)
==2763==    by 0x404ECE: main (sqt-tests.c:705)
==2763== 
==2763== 15 bytes in 1 blocks are still reachable in loss record 9 of 36
==2763==    at 0x4C2DF6F: malloc (vg_replace_malloc.c:307)
==2763==    by 0x4E88B08: g_malloc (in /usr/lib64/libglib-2.0.so.0.4600.2)
==2763==    by 0x4EA0F9E: g_strdup (in /usr/lib64/libglib-2.0.so.0.4600.2)
==2763==    by 0x4E60078: g_get_charset (in /usr/lib64/libglib-2.0.so.0.4600.2)
==2763==    by 0x4E8A717: g_printerr (in /usr/lib64/libglib-2.0.so.0.4600.2)
==2763==    by 0x4EA8451: g_assertion_message (in /usr/lib64/libglib-2.0.so.0.4600.2)
==2763==    by 0x4EA8549: g_assertion_message_expr (in /usr/lib64/libglib-2.0.so.0.4600.2)
==2763==    by 0x410914: index_find (angular-rules.c:46258)
==2763==    by 0x4109B4: angular_quadrature_select (angular-rules.c:46274)
==2763==    by 0x4101EE: triangle_quad (singular.c:244)
==2763==    by 0x410894: sqt_singular_quad_tri (singular.c:309)
==2763==    by 0x411584: sqt_laplace_weights_tri_singular (laplace.c:137)
==2763== 
==2763== 15 bytes in 1 blocks are still reachable in loss record 10 of 36
==2763==    at 0x4C2DF6F: malloc (vg_replace_malloc.c:307)
==2763==    by 0x4E88B08: g_malloc (in /usr/lib64/libglib-2.0.so.0.4600.2)
==2763==    by 0x4EA0F9E: g_strdup (in /usr/lib64/libglib-2.0.so.0.4600.2)
==2763==    by 0x4E600E5: g_get_charset (in /usr/lib64/libglib-2.0.so.0.4600.2)
==2763==    by 0x4E8A717: g_printerr (in /usr/lib64/libglib-2.0.so.0.4600.2)
==2763==    by 0x4EA8451: g_assertion_message (in /usr/lib64/libglib-2.0.so.0.4600.2)
==2763==    by 0x4EA8549: g_assertion_message_expr (in /usr/lib64/libglib-2.0.so.0.4600.2)
==2763==    by 0x410914: index_find (angular-rules.c:46258)
==2763==    by 0x4109B4: angular_quadrature_select (angular-rules.c:46274)
==2763==    by 0x4101EE: triangle_quad (singular.c:244)
==2763==    by 0x410894: sqt_singular_quad_tri (singular.c:309)
==2763==    by 0x411584: sqt_laplace_weights_tri_singular (laplace.c:137)
==2763== 
==2763== 24 bytes in 1 blocks are still reachable in loss record 11 of 36
==2763==    at 0x4C2DF6F: malloc (vg_replace_malloc.c:307)
==2763==    by 0x6257104: ??? (in /usr/lib64/libgfortran.so.3.0.0)
==2763==    by 0x63299FA: ??? (in /usr/lib64/libgfortran.so.3.0.0)
==2763==    by 0x63220B3: ??? (in /usr/lib64/libgfortran.so.3.0.0)
==2763==    by 0x62566B7: ??? (in /usr/lib64/libgfortran.so.3.0.0)
==2763==    by 0x63381B5: ??? (in /usr/lib64/libgfortran.so.3.0.0)
==2763==    by 0x6254A8E: ??? (in /usr/lib64/libgfortran.so.3.0.0)
==2763==    by 0x1FFEFFFAC7: ???
==2763==    by 0x4010619: call_init.part.0 (in /lib64/ld-2.23.so)
==2763==    by 0x401076A: _dl_init (in /lib64/ld-2.23.so)
==2763==    by 0x4000C09: ??? (in /lib64/ld-2.23.so)
==2763==    by 0x4: ???
==2763== 
==2763== 24 bytes in 1 blocks are still reachable in loss record 12 of 36
==2763==    at 0x4C2DF6F: malloc (vg_replace_malloc.c:307)
==2763==    by 0x6257104: ??? (in /usr/lib64/libgfortran.so.3.0.0)
==2763==    by 0x63299FA: ??? (in /usr/lib64/libgfortran.so.3.0.0)
==2763==    by 0x632216E: ??? (in /usr/lib64/libgfortran.so.3.0.0)
==2763==    by 0x62566B7: ??? (in /usr/lib64/libgfortran.so.3.0.0)
==2763==    by 0x63381B5: ??? (in /usr/lib64/libgfortran.so.3.0.0)
==2763==    by 0x6254A8E: ??? (in /usr/lib64/libgfortran.so.3.0.0)
==2763==    by 0x1FFEFFFAC7: ???
==2763==    by 0x4010619: call_init.part.0 (in /lib64/ld-2.23.so)
==2763==    by 0x401076A: _dl_init (in /lib64/ld-2.23.so)
==2763==    by 0x4000C09: ??? (in /lib64/ld-2.23.so)
==2763==    by 0x4: ???
==2763== 
==2763== 24 bytes in 1 blocks are still reachable in loss record 13 of 36
==2763==    at 0x4C2DF6F: malloc (vg_replace_malloc.c:307)
==2763==    by 0x6257104: ??? (in /usr/lib64/libgfortran.so.3.0.0)
==2763==    by 0x63299FA: ??? (in /usr/lib64/libgfortran.so.3.0.0)
==2763==    by 0x6322225: ??? (in /usr/lib64/libgfortran.so.3.0.0)
==2763==    by 0x62566B7: ??? (in /usr/lib64/libgfortran.so.3.0.0)
==2763==    by 0x63381B5: ??? (in /usr/lib64/libgfortran.so.3.0.0)
==2763==    by 0x6254A8E: ??? (in /usr/lib64/libgfortran.so.3.0.0)
==2763==    by 0x1FFEFFFAC7: ???
==2763==    by 0x4010619: call_init.part.0 (in /lib64/ld-2.23.so)
==2763==    by 0x401076A: _dl_init (in /lib64/ld-2.23.so)
==2763==    by 0x4000C09: ??? (in /lib64/ld-2.23.so)
==2763==    by 0x4: ???
==2763== 
==2763== 24 bytes in 1 blocks are still reachable in loss record 14 of 36
==2763==    at 0x4C2DF6F: malloc (vg_replace_malloc.c:307)
==2763==    by 0x4E88B08: g_malloc (in /usr/lib64/libglib-2.0.so.0.4600.2)
==2763==    by 0x4EAA62A: g_timer_new (in /usr/lib64/libglib-2.0.so.0.4600.2)
==2763==    by 0x404E54: main (sqt-tests.c:698)
==2763== 
==2763== 24 bytes in 1 blocks are still reachable in loss record 15 of 36
==2763==    at 0x4C30345: calloc (vg_replace_malloc.c:760)
==2763==    by 0x4E88B60: g_malloc0 (in /usr/lib64/libglib-2.0.so.0.4600.2)
==2763==    by 0x4E60109: g_get_charset (in /usr/lib64/libglib-2.0.so.0.4600.2)
==2763==    by 0x4E8A717: g_printerr (in /usr/lib64/libglib-2.0.so.0.4600.2)
==2763==    by 0x4EA8451: g_assertion_message (in /usr/lib64/libglib-2.0.so.0.4600.2)
==2763==    by 0x4EA8549: g_assertion_message_expr (in /usr/lib64/libglib-2.0.so.0.4600.2)
==2763==    by 0x410914: index_find (angular-rules.c:46258)
==2763==    by 0x4109B4: angular_quadrature_select (angular-rules.c:46274)
==2763==    by 0x4101EE: triangle_quad (singular.c:244)
==2763==    by 0x410894: sqt_singular_quad_tri (singular.c:309)
==2763==    by 0x411584: sqt_laplace_weights_tri_singular (laplace.c:137)
==2763==    by 0x4117C1: sqt_laplace_source_target_tri_self (laplace.c:194)
==2763== 
==2763== 27 bytes in 1 blocks are still reachable in loss record 16 of 36
==2763==    at 0x4C2DF6F: malloc (vg_replace_malloc.c:307)
==2763==    by 0x4E88B08: g_malloc (in /usr/lib64/libglib-2.0.so.0.4600.2)
==2763==    by 0x4EA0F9E: g_strdup (in /usr/lib64/libglib-2.0.so.0.4600.2)
==2763==    by 0x4EA8576: g_assertion_message_expr (in /usr/lib64/libglib-2.0.so.0.4600.2)
==2763==    by 0x410914: index_find (angular-rules.c:46258)
==2763==    by 0x4109B4: angular_quadrature_select (angular-rules.c:46274)
==2763==    by 0x4101EE: triangle_quad (singular.c:244)
==2763==    by 0x410894: sqt_singular_quad_tri (singular.c:309)
==2763==    by 0x411584: sqt_laplace_weights_tri_singular (laplace.c:137)
==2763==    by 0x4117C1: sqt_laplace_source_target_tri_self (laplace.c:194)
==2763==    by 0x404B15: matrix_self_test (sqt-tests.c:664)
==2763==    by 0x4054FA: main (sqt-tests.c:802)
==2763== 
==2763== 32 bytes in 1 blocks are still reachable in loss record 17 of 36
==2763==    at 0x4C30345: calloc (vg_replace_malloc.c:760)
==2763==    by 0x4E88B60: g_malloc0 (in /usr/lib64/libglib-2.0.so.0.4600.2)
==2763==    by 0x4E72824: g_hash_table_new_full (in /usr/lib64/libglib-2.0.so.0.4600.2)
==2763==    by 0x4E929CA: ??? (in /usr/lib64/libglib-2.0.so.0.4600.2)
==2763==    by 0x4E556E8: ??? (in /usr/lib64/libglib-2.0.so.0.4600.2)
==2763==    by 0x4EEE515: ??? (in /usr/lib64/libglib-2.0.so.0.4600.2)
==2763==    by 0x4E5441E: ??? (in /usr/lib64/libglib-2.0.so.0.4600.2)
==2763==    by 0x1FFEFFFAC7: ???
==2763==    by 0x4010619: call_init.part.0 (in /lib64/ld-2.23.so)
==2763==    by 0x401076A: _dl_init (in /lib64/ld-2.23.so)
==2763==    by 0x4000C09: ??? (in /lib64/ld-2.23.so)
==2763==    by 0x4: ???
==2763== 
==2763== 64 bytes in 1 blocks are still reachable in loss record 18 of 36
==2763==    at 0x4C30345: calloc (vg_replace_malloc.c:760)
==2763==    by 0x4E88B60: g_malloc0 (in /usr/lib64/libglib-2.0.so.0.4600.2)
==2763==    by 0x4E7280F: g_hash_table_new_full (in /usr/lib64/libglib-2.0.so.0.4600.2)
==2763==    by 0x4E929CA: ??? (in /usr/lib64/libglib-2.0.so.0.4600.2)
==2763==    by 0x4E556E8: ??? (in /usr/lib64/libglib-2.0.so.0.4600.2)
==2763==    by 0x4EEE515: ??? (in /usr/lib64/libglib-2.0.so.0.4600.2)
==2763==    by 0x4E5441E: ??? (in /usr/lib64/libglib-2.0.so.0.4600.2)
==2763==    by 0x1FFEFFFAC7: ???
==2763==    by 0x4010619: call_init.part.0 (in /lib64/ld-2.23.so)
==2763==    by 0x401076A: _dl_init (in /lib64/ld-2.23.so)
==2763==    by 0x4000C09: ??? (in /lib64/ld-2.23.so)
==2763==    by 0x4: ???
==2763== 
==2763== 64 bytes in 1 blocks are still reachable in loss record 19 of 36
==2763==    at 0x4C30345: calloc (vg_replace_malloc.c:760)
==2763==    by 0x55726FE: blas_memory_alloc (in /usr/lib64/libopenblas_sandybridgep-r0.3.3.so)
==2763==    by 0x542171C: dgemm_ (in /usr/lib64/libopenblas_sandybridgep-r0.3.3.so)
==2763==    by 0x5825779: dgesdd_ (in /usr/lib64/libopenblas_sandybridgep-r0.3.3.so)
==2763==    by 0x40F809: triangle_mapping (singular.c:115)
==2763==    by 0x4106E9: sqt_singular_quad_tri (singular.c:301)
==2763==    by 0x411584: sqt_laplace_weights_tri_singular (laplace.c:137)
==2763==    by 0x4117C1: sqt_laplace_source_target_tri_self (laplace.c:194)
==2763==    by 0x404B15: matrix_self_test (sqt-tests.c:664)
==2763==    by 0x4054FA: main (sqt-tests.c:802)
==2763== 
==2763== 71 bytes in 1 blocks are still reachable in loss record 20 of 36
==2763==    at 0x4C2DF6F: malloc (vg_replace_malloc.c:307)
==2763==    by 0x4EA8498: g_assertion_message (in /usr/lib64/libglib-2.0.so.0.4600.2)
==2763==    by 0x4EA8549: g_assertion_message_expr (in /usr/lib64/libglib-2.0.so.0.4600.2)
==2763==    by 0x410914: index_find (angular-rules.c:46258)
==2763==    by 0x4109B4: angular_quadrature_select (angular-rules.c:46274)
==2763==    by 0x4101EE: triangle_quad (singular.c:244)
==2763==    by 0x410894: sqt_singular_quad_tri (singular.c:309)
==2763==    by 0x411584: sqt_laplace_weights_tri_singular (laplace.c:137)
==2763==    by 0x4117C1: sqt_laplace_source_target_tri_self (laplace.c:194)
==2763==    by 0x404B15: matrix_self_test (sqt-tests.c:664)
==2763==    by 0x4054FA: main (sqt-tests.c:802)
==2763== 
==2763== 88 bytes in 1 blocks are still reachable in loss record 21 of 36
==2763==    at 0x4C30345: calloc (vg_replace_malloc.c:760)
==2763==    by 0x62571B2: ??? (in /usr/lib64/libgfortran.so.3.0.0)
==2763==    by 0x6322A4E: ??? (in /usr/lib64/libgfortran.so.3.0.0)
==2763==    by 0x6322022: ??? (in /usr/lib64/libgfortran.so.3.0.0)
==2763==    by 0x62566B7: ??? (in /usr/lib64/libgfortran.so.3.0.0)
==2763==    by 0x63381B5: ??? (in /usr/lib64/libgfortran.so.3.0.0)
==2763==    by 0x6254A8E: ??? (in /usr/lib64/libgfortran.so.3.0.0)
==2763==    by 0x1FFEFFFAC7: ???
==2763==    by 0x4010619: call_init.part.0 (in /lib64/ld-2.23.so)
==2763==    by 0x401076A: _dl_init (in /lib64/ld-2.23.so)
==2763==    by 0x4000C09: ??? (in /lib64/ld-2.23.so)
==2763==    by 0x4: ???
==2763== 
==2763== 88 bytes in 1 blocks are still reachable in loss record 22 of 36
==2763==    at 0x4C30345: calloc (vg_replace_malloc.c:760)
==2763==    by 0x62571B2: ??? (in /usr/lib64/libgfortran.so.3.0.0)
==2763==    by 0x6322A4E: ??? (in /usr/lib64/libgfortran.so.3.0.0)
==2763==    by 0x63220E4: ??? (in /usr/lib64/libgfortran.so.3.0.0)
==2763==    by 0x62566B7: ??? (in /usr/lib64/libgfortran.so.3.0.0)
==2763==    by 0x63381B5: ??? (in /usr/lib64/libgfortran.so.3.0.0)
==2763==    by 0x6254A8E: ??? (in /usr/lib64/libgfortran.so.3.0.0)
==2763==    by 0x1FFEFFFAC7: ???
==2763==    by 0x4010619: call_init.part.0 (in /lib64/ld-2.23.so)
==2763==    by 0x401076A: _dl_init (in /lib64/ld-2.23.so)
==2763==    by 0x4000C09: ??? (in /lib64/ld-2.23.so)
==2763==    by 0x4: ???
==2763== 
==2763== 88 bytes in 1 blocks are still reachable in loss record 23 of 36
==2763==    at 0x4C30345: calloc (vg_replace_malloc.c:760)
==2763==    by 0x62571B2: ??? (in /usr/lib64/libgfortran.so.3.0.0)
==2763==    by 0x6322A4E: ??? (in /usr/lib64/libgfortran.so.3.0.0)
==2763==    by 0x632219F: ??? (in /usr/lib64/libgfortran.so.3.0.0)
==2763==    by 0x62566B7: ??? (in /usr/lib64/libgfortran.so.3.0.0)
==2763==    by 0x63381B5: ??? (in /usr/lib64/libgfortran.so.3.0.0)
==2763==    by 0x6254A8E: ??? (in /usr/lib64/libgfortran.so.3.0.0)
==2763==    by 0x1FFEFFFAC7: ???
==2763==    by 0x4010619: call_init.part.0 (in /lib64/ld-2.23.so)
==2763==    by 0x401076A: _dl_init (in /lib64/ld-2.23.so)
==2763==    by 0x4000C09: ??? (in /lib64/ld-2.23.so)
==2763==    by 0x4: ???
==2763== 
==2763== 88 bytes in 1 blocks are still reachable in loss record 24 of 36
==2763==    at 0x4C2DF6F: malloc (vg_replace_malloc.c:307)
==2763==    by 0x4E88B08: g_malloc (in /usr/lib64/libglib-2.0.so.0.4600.2)
==2763==    by 0x4E9F3F2: g_slice_alloc (in /usr/lib64/libglib-2.0.so.0.4600.2)
==2763==    by 0x4E727BD: g_hash_table_new_full (in /usr/lib64/libglib-2.0.so.0.4600.2)
==2763==    by 0x4E929CA: ??? (in /usr/lib64/libglib-2.0.so.0.4600.2)
==2763==    by 0x4E556E8: ??? (in /usr/lib64/libglib-2.0.so.0.4600.2)
==2763==    by 0x4EEE515: ??? (in /usr/lib64/libglib-2.0.so.0.4600.2)
==2763==    by 0x4E5441E: ??? (in /usr/lib64/libglib-2.0.so.0.4600.2)
==2763==    by 0x1FFEFFFAC7: ???
==2763==    by 0x4010619: call_init.part.0 (in /lib64/ld-2.23.so)
==2763==    by 0x401076A: _dl_init (in /lib64/ld-2.23.so)
==2763==    by 0x4000C09: ??? (in /lib64/ld-2.23.so)
==2763== 
==2763== 192 bytes in 3 blocks are still reachable in loss record 25 of 36
==2763==    at 0x4C30345: calloc (vg_replace_malloc.c:760)
==2763==    by 0x55726FE: blas_memory_alloc (in /usr/lib64/libopenblas_sandybridgep-r0.3.3.so)
==2763==    by 0x5572E1F: ??? (in /usr/lib64/libopenblas_sandybridgep-r0.3.3.so)
==2763==    by 0x5179683: start_thread (in /lib64/libpthread-2.23.so)
==2763==    by 0x6DCDEEC: clone (in /lib64/libc-2.23.so)
==2763== 
==2763== 256 bytes in 1 blocks are still reachable in loss record 26 of 36
==2763==    at 0x4C2DF6F: malloc (vg_replace_malloc.c:307)
==2763==    by 0x6257104: ??? (in /usr/lib64/libgfortran.so.3.0.0)
==2763==    by 0x6329A0C: ??? (in /usr/lib64/libgfortran.so.3.0.0)
==2763==    by 0x6322225: ??? (in /usr/lib64/libgfortran.so.3.0.0)
==2763==    by 0x62566B7: ??? (in /usr/lib64/libgfortran.so.3.0.0)
==2763==    by 0x63381B5: ??? (in /usr/lib64/libgfortran.so.3.0.0)
==2763==    by 0x6254A8E: ??? (in /usr/lib64/libgfortran.so.3.0.0)
==2763==    by 0x1FFEFFFAC7: ???
==2763==    by 0x4010619: call_init.part.0 (in /lib64/ld-2.23.so)
==2763==    by 0x401076A: _dl_init (in /lib64/ld-2.23.so)
==2763==    by 0x4000C09: ??? (in /lib64/ld-2.23.so)
==2763==    by 0x4: ???
==2763== 
==2763== 512 bytes in 1 blocks are still reachable in loss record 27 of 36
==2763==    at 0x4C2DF6F: malloc (vg_replace_malloc.c:307)
==2763==    by 0x6257104: ??? (in /usr/lib64/libgfortran.so.3.0.0)
==2763==    by 0x6329A0C: ??? (in /usr/lib64/libgfortran.so.3.0.0)
==2763==    by 0x63220B3: ??? (in /usr/lib64/libgfortran.so.3.0.0)
==2763==    by 0x62566B7: ??? (in /usr/lib64/libgfortran.so.3.0.0)
==2763==    by 0x63381B5: ??? (in /usr/lib64/libgfortran.so.3.0.0)
==2763==    by 0x6254A8E: ??? (in /usr/lib64/libgfortran.so.3.0.0)
==2763==    by 0x1FFEFFFAC7: ???
==2763==    by 0x4010619: call_init.part.0 (in /lib64/ld-2.23.so)
==2763==    by 0x401076A: _dl_init (in /lib64/ld-2.23.so)
==2763==    by 0x4000C09: ??? (in /lib64/ld-2.23.so)
==2763==    by 0x4: ???
==2763== 
==2763== 512 bytes in 1 blocks are still reachable in loss record 28 of 36
==2763==    at 0x4C2DF6F: malloc (vg_replace_malloc.c:307)
==2763==    by 0x6257104: ??? (in /usr/lib64/libgfortran.so.3.0.0)
==2763==    by 0x6329A0C: ??? (in /usr/lib64/libgfortran.so.3.0.0)
==2763==    by 0x632216E: ??? (in /usr/lib64/libgfortran.so.3.0.0)
==2763==    by 0x62566B7: ??? (in /usr/lib64/libgfortran.so.3.0.0)
==2763==    by 0x63381B5: ??? (in /usr/lib64/libgfortran.so.3.0.0)
==2763==    by 0x6254A8E: ??? (in /usr/lib64/libgfortran.so.3.0.0)
==2763==    by 0x1FFEFFFAC7: ???
==2763==    by 0x4010619: call_init.part.0 (in /lib64/ld-2.23.so)
==2763==    by 0x401076A: _dl_init (in /lib64/ld-2.23.so)
==2763==    by 0x4000C09: ??? (in /lib64/ld-2.23.so)
==2763==    by 0x4: ???
==2763== 
==2763== 688 bytes in 1 blocks are still reachable in loss record 29 of 36
==2763==    at 0x4C30345: calloc (vg_replace_malloc.c:760)
==2763==    by 0x62571B2: ??? (in /usr/lib64/libgfortran.so.3.0.0)
==2763==    by 0x63219A6: ??? (in /usr/lib64/libgfortran.so.3.0.0)
==2763==    by 0x632201A: ??? (in /usr/lib64/libgfortran.so.3.0.0)
==2763==    by 0x62566B7: ??? (in /usr/lib64/libgfortran.so.3.0.0)
==2763==    by 0x63381B5: ??? (in /usr/lib64/libgfortran.so.3.0.0)
==2763==    by 0x6254A8E: ??? (in /usr/lib64/libgfortran.so.3.0.0)
==2763==    by 0x1FFEFFFAC7: ???
==2763==    by 0x4010619: call_init.part.0 (in /lib64/ld-2.23.so)
==2763==    by 0x401076A: _dl_init (in /lib64/ld-2.23.so)
==2763==    by 0x4000C09: ??? (in /lib64/ld-2.23.so)
==2763==    by 0x4: ???
==2763== 
==2763== 688 bytes in 1 blocks are still reachable in loss record 30 of 36
==2763==    at 0x4C30345: calloc (vg_replace_malloc.c:760)
==2763==    by 0x62571B2: ??? (in /usr/lib64/libgfortran.so.3.0.0)
==2763==    by 0x63219A6: ??? (in /usr/lib64/libgfortran.so.3.0.0)
==2763==    by 0x63220DC: ??? (in /usr/lib64/libgfortran.so.3.0.0)
==2763==    by 0x62566B7: ??? (in /usr/lib64/libgfortran.so.3.0.0)
==2763==    by 0x63381B5: ??? (in /usr/lib64/libgfortran.so.3.0.0)
==2763==    by 0x6254A8E: ??? (in /usr/lib64/libgfortran.so.3.0.0)
==2763==    by 0x1FFEFFFAC7: ???
==2763==    by 0x4010619: call_init.part.0 (in /lib64/ld-2.23.so)
==2763==    by 0x401076A: _dl_init (in /lib64/ld-2.23.so)
==2763==    by 0x4000C09: ??? (in /lib64/ld-2.23.so)
==2763==    by 0x4: ???
==2763== 
==2763== 688 bytes in 1 blocks are still reachable in loss record 31 of 36
==2763==    at 0x4C30345: calloc (vg_replace_malloc.c:760)
==2763==    by 0x62571B2: ??? (in /usr/lib64/libgfortran.so.3.0.0)
==2763==    by 0x63219A6: ??? (in /usr/lib64/libgfortran.so.3.0.0)
==2763==    by 0x6322197: ??? (in /usr/lib64/libgfortran.so.3.0.0)
==2763==    by 0x62566B7: ??? (in /usr/lib64/libgfortran.so.3.0.0)
==2763==    by 0x63381B5: ??? (in /usr/lib64/libgfortran.so.3.0.0)
==2763==    by 0x6254A8E: ??? (in /usr/lib64/libgfortran.so.3.0.0)
==2763==    by 0x1FFEFFFAC7: ???
==2763==    by 0x4010619: call_init.part.0 (in /lib64/ld-2.23.so)
==2763==    by 0x401076A: _dl_init (in /lib64/ld-2.23.so)
==2763==    by 0x4000C09: ??? (in /lib64/ld-2.23.so)
==2763==    by 0x4: ???
==2763== 
==2763== 864 bytes in 3 blocks are possibly lost in loss record 32 of 36
==2763==    at 0x4C30345: calloc (vg_replace_malloc.c:760)
==2763==    by 0x4013884: _dl_allocate_tls (in /lib64/ld-2.23.so)
==2763==    by 0x517A222: pthread_create@@GLIBC_2.2.5 (in /lib64/libpthread-2.23.so)
==2763==    by 0x55730F7: blas_thread_init (in /usr/lib64/libopenblas_sandybridgep-r0.3.3.so)
==2763==    by 0x540F269: gotoblas_init (in /usr/lib64/libopenblas_sandybridgep-r0.3.3.so)
==2763==    by 0x5E71C45: ??? (in /usr/lib64/libopenblas_sandybridgep-r0.3.3.so)
==2763==    by 0x53FF276: ??? (in /usr/lib64/libopenblas_sandybridgep-r0.3.3.so)
==2763==    by 0x1FFEFFFAC7: ???
==2763==    by 0x4010619: call_init.part.0 (in /lib64/ld-2.23.so)
==2763==    by 0x401076A: _dl_init (in /lib64/ld-2.23.so)
==2763==    by 0x4000C09: ??? (in /lib64/ld-2.23.so)
==2763==    by 0x4: ???
==2763== 
==2763== 2,032 bytes in 1 blocks are still reachable in loss record 33 of 36
==2763==    at 0x4C30345: calloc (vg_replace_malloc.c:760)
==2763==    by 0x4E88B60: g_malloc0 (in /usr/lib64/libglib-2.0.so.0.4600.2)
==2763==    by 0x4E9F65B: g_slice_alloc (in /usr/lib64/libglib-2.0.so.0.4600.2)
==2763==    by 0x4E727BD: g_hash_table_new_full (in /usr/lib64/libglib-2.0.so.0.4600.2)
==2763==    by 0x4E929CA: ??? (in /usr/lib64/libglib-2.0.so.0.4600.2)
==2763==    by 0x4E556E8: ??? (in /usr/lib64/libglib-2.0.so.0.4600.2)
==2763==    by 0x4EEE515: ??? (in /usr/lib64/libglib-2.0.so.0.4600.2)
==2763==    by 0x4E5441E: ??? (in /usr/lib64/libglib-2.0.so.0.4600.2)
==2763==    by 0x1FFEFFFAC7: ???
==2763==    by 0x4010619: call_init.part.0 (in /lib64/ld-2.23.so)
==2763==    by 0x401076A: _dl_init (in /lib64/ld-2.23.so)
==2763==    by 0x4000C09: ??? (in /lib64/ld-2.23.so)
==2763== 
==2763== 8,192 bytes in 1 blocks are still reachable in loss record 34 of 36
==2763==    at 0x4C2DF6F: malloc (vg_replace_malloc.c:307)
==2763==    by 0x6257104: ??? (in /usr/lib64/libgfortran.so.3.0.0)
==2763==    by 0x6322B1D: ??? (in /usr/lib64/libgfortran.so.3.0.0)
==2763==    by 0x6322022: ??? (in /usr/lib64/libgfortran.so.3.0.0)
==2763==    by 0x62566B7: ??? (in /usr/lib64/libgfortran.so.3.0.0)
==2763==    by 0x63381B5: ??? (in /usr/lib64/libgfortran.so.3.0.0)
==2763==    by 0x6254A8E: ??? (in /usr/lib64/libgfortran.so.3.0.0)
==2763==    by 0x1FFEFFFAC7: ???
==2763==    by 0x4010619: call_init.part.0 (in /lib64/ld-2.23.so)
==2763==    by 0x401076A: _dl_init (in /lib64/ld-2.23.so)
==2763==    by 0x4000C09: ??? (in /lib64/ld-2.23.so)
==2763==    by 0x4: ???
==2763== 
==2763== 16,384 bytes in 1 blocks are still reachable in loss record 35 of 36
==2763==    at 0x4C2DF6F: malloc (vg_replace_malloc.c:307)
==2763==    by 0x4E88B08: g_malloc (in /usr/lib64/libglib-2.0.so.0.4600.2)
==2763==    by 0x4E929DB: ??? (in /usr/lib64/libglib-2.0.so.0.4600.2)
==2763==    by 0x4E556E8: ??? (in /usr/lib64/libglib-2.0.so.0.4600.2)
==2763==    by 0x4EEE515: ??? (in /usr/lib64/libglib-2.0.so.0.4600.2)
==2763==    by 0x4E5441E: ??? (in /usr/lib64/libglib-2.0.so.0.4600.2)
==2763==    by 0x1FFEFFFAC7: ???
==2763==    by 0x4010619: call_init.part.0 (in /lib64/ld-2.23.so)
==2763==    by 0x401076A: _dl_init (in /lib64/ld-2.23.so)
==2763==    by 0x4000C09: ??? (in /lib64/ld-2.23.so)
==2763==    by 0x4: ???
==2763==    by 0x1FFEFFFDCE: ???
==2763== 
==2763== 116,468 bytes in 1 blocks are still reachable in loss record 36 of 36
==2763==    at 0x4C30345: calloc (vg_replace_malloc.c:760)
==2763==    by 0x6DCFED3: monstartup (in /lib64/libc-2.23.so)
==2763==    by 0x4010B0: __gmon_start__ (gmon-start.c:87)
==2763==    by 0x72A7C5C: ??? (in /lib64/libdl-2.23.so)
==2763==    by 0x1FFEFFFAC7: ???
==2763==    by 0x4010619: call_init.part.0 (in /lib64/ld-2.23.so)
==2763==    by 0x401076A: _dl_init (in /lib64/ld-2.23.so)
==2763==    by 0x4000C09: ??? (in /lib64/ld-2.23.so)
==2763==    by 0x4: ???
==2763==    by 0x1FFEFFFDCE: ???
==2763==    by 0x1FFEFFFDE1: ???
==2763==    by 0x1FFEFFFDE4: ???
==2763== 
==2763== LEAK SUMMARY:
==2763==    definitely lost: 10 bytes in 1 blocks
==2763==    indirectly lost: 0 bytes in 0 blocks
==2763==      possibly lost: 864 bytes in 3 blocks
==2763==    still reachable: 147,418 bytes in 36 blocks
==2763==         suppressed: 0 bytes in 0 blocks
==2763== 
==2763== ERROR SUMMARY: 2 errors from 2 contexts (suppressed: 0 from 0)
